\BOOKMARK [1][-]{section.1}{\376\377\000L\000e\000\040\000M\000o\000d\000\350\000l\000e\000\040\000Q\000u\000a\000n\000t\000i\000q\000u\000e}{}% 1
\BOOKMARK [2][-]{subsection.1.1}{\376\377\000R\000a\000d\000i\000a\000t\000i\000o\000n\000\040\000\351\000l\000e\000c\000t\000r\000o\000m\000a\000g\000n\000\351\000t\000i\000q\000u\000e}{section.1}% 2
\BOOKMARK [3][-]{subsubsection.1.1.1}{\376\377\000A\000s\000p\000e\000c\000t\000\040\000O\000n\000d\000u\000l\000a\000t\000o\000i\000r\000e}{subsection.1.1}% 3
\BOOKMARK [3][-]{subsubsection.1.1.2}{\376\377\000A\000s\000p\000e\000c\000t\000\040\000C\000o\000r\000p\000u\000s\000c\000u\000l\000a\000i\000r\000e}{subsection.1.1}% 4
\BOOKMARK [2][-]{subsection.1.2}{\376\377\000S\000p\000e\000c\000t\000r\000o\000s\000c\000o\000p\000i\000e}{section.1}% 5
\BOOKMARK [3][-]{subsubsection.1.2.1}{\376\377\000S\000p\000e\000c\000t\000r\000o\000s\000c\000o\000p\000i\000e\000\040\000e\000n\000\040\000\351\000m\000i\000s\000s\000i\000o\000n}{subsection.1.2}% 6
\BOOKMARK [3][-]{subsubsection.1.2.2}{\376\377\000S\000p\000e\000c\000t\000r\000o\000s\000c\000o\000p\000i\000e\000\040\000e\000n\000\040\000a\000b\000s\000o\000r\000p\000t\000i\000o\000n}{subsection.1.2}% 7
\BOOKMARK [2][-]{subsection.1.3}{\376\377\000R\000\351\000s\000u\000l\000t\000a\000t\000s\000\040\000e\000x\000p\000\351\000r\000i\000m\000e\000n\000t\000a\000u\000x\000\040\000d\000a\000n\000s\000\040\000l\000e\000\040\000c\000a\000s\000\040\000d\000e\000\040\000l\000'\000a\000t\000o\000m\000e\000\040\000d\000'\000h\000y\000d\000r\000o\000g\000\350\000n\000e}{section.1}% 8
\BOOKMARK [3][-]{subsubsection.1.3.1}{\376\377\000S\000p\000e\000c\000t\000r\000e\000\040\000d\000'\000a\000b\000s\000o\000r\000p\000t\000i\000o\000n}{subsection.1.3}% 9
\BOOKMARK [3][-]{subsubsection.1.3.2}{\376\377\000S\000p\000e\000c\000t\000r\000e\000\040\000d\000'\000\351\000m\000i\000s\000s\000i\000o\000n}{subsection.1.3}% 10
\BOOKMARK [2][-]{subsection.1.4}{\376\377\000C\000a\000s\000\040\000p\000a\000r\000t\000i\000c\000u\000l\000i\000e\000r\000\040\000d\000e\000s\000\040\000h\000y\000d\000r\000o\000g\000\351\000n\000o\000\357\000d\000e\000s}{section.1}% 11
\BOOKMARK [2][-]{subsection.1.5}{\376\377\000L\000e\000\040\000m\000o\000d\000\350\000l\000e\000\040\000d\000e\000\040\000B\000o\000h\000r\000\040\000p\000o\000u\000r\000\040\000l\000'\000a\000t\000o\000m\000e\000\040\000d\000'\000h\000y\000d\000r\000o\000g\000\350\000n\000e}{section.1}% 12
\BOOKMARK [2][-]{subsection.1.6}{\376\377\000L\000i\000m\000i\000t\000e\000s\000\040\000d\000e\000\040\000l\000a\000\040\000t\000h\000\351\000o\000r\000i\000e\000\040\000d\000e\000\040\000B\000o\000h\000r}{section.1}% 13
\BOOKMARK [1][-]{section.2}{\376\377\000L\000e\000\040\000M\000o\000d\000\350\000l\000e\000\040\000O\000n\000d\000u\000l\000a\000t\000o\000i\000r\000e\000\040\000d\000e\000\040\000l\000'\000a\000t\000o\000m\000e}{}% 14
\BOOKMARK [2][-]{subsection.2.1}{\376\377\000\311\000d\000i\000f\000i\000c\000a\000t\000i\000o\000n\000\040\000d\000e\000\040\000l\000a\000\040\000m\000\351\000c\000a\000n\000i\000q\000u\000e\000\040\000q\000u\000a\000n\000t\000i\000q\000u\000e}{section.2}% 15
\BOOKMARK [2][-]{subsection.2.2}{\376\377\000R\000e\000l\000a\000t\000i\000o\000n\000\040\000d\000e\000\040\000B\000r\000\366\000g\000l\000i\000e}{section.2}% 16
\BOOKMARK [2][-]{subsection.2.3}{\376\377\000N\000o\000t\000i\000o\000n\000\040\000d\000'\000o\000r\000b\000i\000t\000a\000l\000e}{section.2}% 17
\BOOKMARK [3][-]{subsubsection.2.3.1}{\376\377\000P\000r\000i\000n\000c\000i\000p\000e\000\040\000d\000'\000i\000n\000d\000\351\000t\000e\000r\000m\000i\000n\000a\000t\000i\000o\000n\000\040\000d\000'\000H\000e\000i\000s\000e\000n\000b\000e\000r\000g}{subsection.2.3}% 18
\BOOKMARK [3][-]{subsubsection.2.3.2}{\376\377\000D\000e\000n\000s\000i\000t\000\351\000\040\000d\000e\000\040\000p\000r\000o\000b\000a\000b\000i\000l\000i\000t\000\351\000\040\000d\000e\000\040\000p\000r\000\351\000s\000e\000n\000c\000e\000\040\000d\000a\000n\000s\000\040\000l\000'\000o\000r\000b\000i\000t\000a\000l\000e}{subsection.2.3}% 19
\BOOKMARK [3][-]{subsubsection.2.3.3}{\376\377\000F\000o\000n\000c\000t\000i\000o\000n\000\040\000d\000'\000o\000n\000d\000e\000\040\000e\000t\000\040\000q\000u\000a\000n\000t\000i\000f\000i\000c\000a\000t\000i\000o\000n\000\040\000d\000'\000\351\000n\000e\000r\000g\000i\000e}{subsection.2.3}% 20
\BOOKMARK [3][-]{subsubsection.2.3.4}{\376\377\000L\000e\000s\000\040\000n\000o\000m\000b\000r\000e\000s\000\040\000q\000u\000a\000n\000t\000i\000q\000u\000e\000s}{subsection.2.3}% 21
\BOOKMARK [3][-]{subsubsection.2.3.5}{\376\377\000N\000o\000m\000e\000n\000c\000l\000a\000t\000u\000r\000e\000\040\000e\000t\000\040\000r\000e\000p\000r\000\351\000s\000e\000n\000t\000a\000t\000i\000o\000n\000\040\000d\000e\000s\000\040\000o\000r\000b\000i\000t\000a\000l\000e\000s}{subsection.2.3}% 22
\BOOKMARK [3][-]{subsubsection.2.3.6}{\376\377\000L\000e\000\040\000n\000o\000m\000b\000r\000e\000\040\000d\000e\000\040\000s\000p\000i\000n}{subsection.2.3}% 23
\BOOKMARK [1][-]{section.3}{\376\377\000A\000t\000o\000m\000e\000s\000\040\000P\000o\000l\000y\000\351\000l\000e\000c\000t\000r\000o\000n\000i\000q\000u\000e\000s\000\040\000-\000\040\000C\000o\000n\000f\000i\000g\000u\000r\000a\000t\000i\000o\000n\000\040\000\351\000l\000e\000c\000t\000r\000o\000n\000i\000q\000u\000e}{}% 24
\BOOKMARK [2][-]{subsection.3.1}{\376\377\000A\000p\000p\000r\000o\000x\000i\000m\000a\000t\000i\000o\000n\000\040\000m\000o\000n\000o\000\351\000l\000e\000c\000t\000r\000o\000n\000i\000q\000u\000e\000,\000\040\000c\000h\000a\000r\000g\000e\000\040\000n\000u\000c\000l\000\351\000a\000i\000r\000e\000\040\000e\000f\000f\000e\000c\000t\000i\000v\000e}{section.3}% 25
\BOOKMARK [2][-]{subsection.3.2}{\376\377\000O\000r\000g\000a\000n\000i\000s\000a\000t\000i\000o\000n\000\040\000d\000u\000\040\000n\000u\000a\000g\000e\000\040\000a\000t\000o\000m\000i\000q\000u\000e}{section.3}% 26
\BOOKMARK [3][-]{subsubsection.3.2.1}{\376\377\000L\000e\000\040\000n\000u\000a\000g\000e\000\040\000\351\000l\000e\000c\000t\000r\000o\000n\000i\000q\000u\000e}{subsection.3.2}% 27
\BOOKMARK [3][-]{subsubsection.3.2.2}{\376\377\000L\000a\000\040\000c\000o\000n\000f\000i\000g\000u\000r\000a\000t\000i\000o\000n\000\040\000\351\000l\000e\000c\000t\000r\000o\000n\000i\000q\000u\000e}{subsection.3.2}% 28
\BOOKMARK [3][-]{subsubsection.3.2.3}{\376\377\000L\000e\000s\000\040\000\351\000l\000e\000c\000t\000r\000o\000n\000s\000\040\000d\000e\000\040\000v\000a\000l\000e\000n\000c\000e\000s}{subsection.3.2}% 29
\BOOKMARK [1][-]{section.4}{\376\377\000C\000l\000a\000s\000s\000i\000f\000i\000c\000a\000t\000i\000o\000n\000\040\000P\000\351\000r\000i\000o\000d\000i\000q\000u\000e\000\040\000d\000e\000s\000\040\000E\000l\000e\000m\000e\000n\000t\000s}{}% 30
\BOOKMARK [2][-]{subsection.4.1}{\376\377\000P\000r\000\351\000s\000e\000n\000t\000a\000t\000i\000o\000n}{section.4}% 31
\BOOKMARK [2][-]{subsection.4.2}{\376\377\000L\000e\000s\000\040\000p\000\351\000r\000i\000o\000d\000e\000s}{section.4}% 32
\BOOKMARK [2][-]{subsection.4.3}{\376\377\000L\000e\000s\000\040\000c\000o\000l\000o\000n\000n\000e\000s\000\040\000\050\000o\000u\000\040\000f\000a\000m\000i\000l\000l\000e\000s\000\051}{section.4}% 33
\BOOKMARK [3][-]{subsubsection.4.3.1}{\376\377\000E\000l\000\351\000m\000e\000n\000t\000s\000\040\000d\000u\000\040\000g\000r\000o\000u\000p\000e\000\040\000p\000r\000i\000n\000c\000i\000p\000a\000l}{subsection.4.3}% 34
\BOOKMARK [3][-]{subsubsection.4.3.2}{\376\377\000L\000e\000s\000\040\000g\000a\000z\000s\000\040\000r\000a\000r\000e\000s}{subsection.4.3}% 35
\BOOKMARK [3][-]{subsubsection.4.3.3}{\376\377\000L\000e\000s\000\040\000\351\000l\000\351\000m\000e\000n\000t\000s\000\040\000d\000e\000\040\000t\000r\000a\000n\000s\000i\000t\000i\000o\000n}{subsection.4.3}% 36
\BOOKMARK [3][-]{subsubsection.4.3.4}{\376\377\000L\000e\000s\000\040\000l\000a\000n\000t\000h\000a\000n\000i\000d\000e\000s\000\040\000e\000t\000\040\000l\000e\000s\000\040\000a\000c\000t\000i\000n\000i\000d\000e\000s\000:\000\040\000\351\000l\000\351\000m\000e\000n\000t\000s\000\040\000d\000e\000\040\000t\000r\000a\000n\000s\000i\000t\000i\000o\000n\000\040\000i\000n\000t\000e\000r\000n\000e}{subsection.4.3}% 37
\BOOKMARK [2][-]{subsection.4.4}{\376\377\000L\000e\000s\000\040\000b\000l\000o\000c\000s}{section.4}% 38
\BOOKMARK [1][-]{section.5}{\376\377\000P\000r\000o\000p\000r\000i\000\351\000t\000\351\000s\000\040\000p\000h\000y\000s\000i\000q\000u\000e\000s\000\040\000d\000e\000s\000\040\000\351\000l\000\351\000m\000e\000n\000t\000s}{}% 39
\BOOKMARK [2][-]{subsection.5.1}{\376\377\000R\000a\000y\000o\000n\000\040\000a\000t\000o\000m\000i\000q\000u\000e}{section.5}% 40
\BOOKMARK [2][-]{subsection.5.2}{\376\377\000E\000n\000e\000r\000g\000i\000e\000\040\000d\000'\000i\000o\000n\000i\000s\000a\000t\000i\000o\000n}{section.5}% 41
\BOOKMARK [2][-]{subsection.5.3}{\376\377\000E\000l\000e\000c\000t\000r\000o\000n\000\351\000g\000a\000t\000i\000v\000i\000t\000\351}{section.5}% 42
\BOOKMARK [1][-]{section.6}{\376\377\000S\000p\000e\000c\000t\000r\000o\000s\000c\000o\000p\000i\000e\000\040\000d\000e\000s\000\040\000R\000a\000y\000o\000n\000\040\000X}{}% 43
\BOOKMARK [2][-]{subsection.6.1}{\376\377\000N\000a\000t\000u\000r\000e\000\040\000e\000t\000\040\000p\000r\000o\000d\000u\000c\000t\000i\000o\000n\000\040\000d\000e\000s\000\040\000R\000a\000y\000o\000n\000s\000\040\000X}{section.6}% 44
\BOOKMARK [2][-]{subsection.6.2}{\376\377\000S\000p\000e\000c\000t\000r\000e\000\040\000d\000'\000\351\000m\000i\000s\000s\000i\000o\000n\000\040\000d\000e\000s\000\040\000r\000a\000y\000o\000n\000s\000\040\000X}{section.6}% 45
\BOOKMARK [3][-]{subsubsection.6.2.1}{\376\377\000L\000e\000\040\000f\000o\000n\000d\000\040\000c\000o\000n\000t\000i\000n\000u}{subsection.6.2}% 46
\BOOKMARK [3][-]{subsubsection.6.2.2}{\376\377\000L\000e\000\040\000s\000p\000e\000c\000t\000r\000e\000\040\000d\000e\000\040\000r\000a\000i\000e\000s\000\040\000c\000a\000r\000a\000c\000t\000\351\000r\000i\000s\000t\000i\000q\000u\000e\000s}{subsection.6.2}% 47
\BOOKMARK [3][-]{subsubsection.6.2.3}{\376\377\000L\000e\000s\000\040\000r\000\350\000g\000l\000e\000s\000\040\000d\000e\000\040\000t\000r\000a\000n\000s\000i\000t\000i\000o\000n\000s}{subsection.6.2}% 48
\BOOKMARK [2][-]{subsection.6.3}{\376\377\000L\000o\000i\000\040\000d\000e\000\040\000M\000o\000s\000e\000l\000e\000y\000\040\000p\000o\000u\000r\000\040\000l\000e\000s\000\040\000r\000a\000y\000o\000n\000s\000\040\000X}{section.6}% 49
\BOOKMARK [2][-]{subsection.6.4}{\376\377\000A\000t\000t\000\351\000n\000u\000a\000t\000i\000o\000n\000\040\000d\000e\000s\000\040\000r\000a\000y\000o\000n\000s\000\040\000X}{section.6}% 50
\BOOKMARK [3][-]{subsubsection.6.4.1}{\376\377\000L\000o\000i\000\040\000d\000'\000a\000t\000t\000\351\000n\000u\000a\000t\000i\000o\000n\000\040\000e\000x\000p\000o\000n\000e\000n\000t\000i\000e\000l\000l\000e\000:\000\040\000l\000o\000i\000\040\000d\000e\000\040\000B\000e\000e\000r\000-\000L\000a\000m\000b\000e\000r\000t}{subsection.6.4}% 51
\BOOKMARK [3][-]{subsubsection.6.4.2}{\376\377\000C\000o\000n\000d\000i\000t\000i\000o\000n\000s\000\040\000d\000e\000\040\000m\000o\000n\000o\000c\000h\000r\000o\000m\000a\000t\000i\000s\000a\000t\000i\000o\000n\000\040\000d\000'\000u\000n\000\040\000s\000i\000g\000n\000a\000l}{subsection.6.4}% 52
\BOOKMARK [1][-]{section.7}{\376\377\000L\000i\000a\000i\000s\000o\000n\000\040\000C\000o\000v\000a\000l\000e\000n\000t\000e}{}% 53
\BOOKMARK [2][-]{subsection.7.1}{\376\377\000T\000h\000\351\000o\000r\000i\000e\000\040\000d\000e\000\040\000L\000e\000w\000i\000s}{section.7}% 54
\BOOKMARK [3][-]{subsubsection.7.1.1}{\376\377\000P\000o\000l\000a\000r\000i\000s\000a\000t\000i\000o\000n\000\040\000d\000e\000\040\000l\000a\000\040\000l\000i\000a\000i\000s\000o\000n\000\040\000c\000o\000v\000a\000l\000e\000n\000t\000e}{subsection.7.1}% 55
\BOOKMARK [2][-]{subsection.7.2}{\376\377\000G\000\351\000o\000m\000\351\000t\000r\000i\000e\000\040\000d\000e\000s\000\040\000m\000o\000l\000\351\000c\000u\000l\000e\000s\000:\000\040\000m\000\351\000t\000h\000o\000d\000e\000\040\000V\000S\000E\000P\000R}{section.7}% 56
\BOOKMARK [1][-]{section.8}{\376\377\000O\000x\000y\000d\000o\000r\000\351\000d\000u\000c\000t\000i\000o\000n}{}% 57
\BOOKMARK [2][-]{subsection.8.1}{\376\377\000R\000a\000p\000p\000e\000l\000s\000\040\000O\000x\000y\000d\000o\000r\000\351\000d\000u\000c\000t\000i\000o\000n}{section.8}% 58
\BOOKMARK [2][-]{subsection.8.2}{\376\377\000D\000e\000g\000r\000\351\000\040\000d\000'\000o\000x\000y\000d\000a\000t\000i\000o\000n}{section.8}% 59
\BOOKMARK [1][-]{section.9}{\376\377\000M\000o\000d\000\350\000l\000e\000\040\000d\000u\000\040\000c\000r\000i\000s\000t\000a\000l\000\040\000p\000a\000r\000f\000a\000i\000t}{}% 60
\BOOKMARK [2][-]{subsection.9.1}{\376\377\000L\000'\000a\000r\000c\000h\000i\000t\000e\000c\000t\000u\000r\000e\000\040\000d\000u\000\040\000c\000r\000i\000s\000t\000a\000l}{section.9}% 61
\BOOKMARK [3][-]{subsubsection.9.1.1}{\376\377\000V\000o\000c\000a\000b\000u\000l\000a\000i\000r\000e}{subsection.9.1}% 62
\BOOKMARK [3][-]{subsubsection.9.1.2}{\376\377\000L\000e\000s\000\040\000s\000e\000p\000t\000\040\000s\000y\000s\000t\000\350\000m\000e\000s\000\040\000c\000r\000i\000s\000t\000a\000l\000l\000i\000n\000s\000\040\000e\000t\000\040\000l\000e\000s\000\040\0001\0004\000\040\000r\000\351\000s\000e\000a\000u\000x\000\040\000d\000e\000\040\000B\000r\000a\000v\000a\000i\000s}{subsection.9.1}% 63
\BOOKMARK [3][-]{subsubsection.9.1.3}{\376\377\000\311\000l\000\351\000m\000e\000n\000t\000s\000\040\000e\000t\000\040\000o\000p\000\351\000r\000a\000t\000i\000o\000n\000s\000\040\000d\000e\000\040\000s\000y\000m\000\351\000t\000r\000i\000e}{subsection.9.1}% 64
\BOOKMARK [3][-]{subsubsection.9.1.4}{\376\377\000S\000i\000t\000e\000s\000\040\000i\000n\000t\000e\000r\000s\000t\000i\000t\000i\000e\000l\000s\000\040\000d\000a\000n\000s\000\040\000u\000n\000\040\000r\000\351\000s\000e\000a\000u\000\040\000c\000u\000b\000i\000q\000u\000e\000\040\000t\000o\000u\000t\000e\000s\000\040\000f\000a\000c\000e\000s\000\040\000c\000e\000n\000t\000r\000\351\000e\000s}{subsection.9.1}% 65
\BOOKMARK [3][-]{subsubsection.9.1.5}{\376\377\000C\000o\000o\000r\000d\000i\000n\000e\000n\000c\000e}{subsection.9.1}% 66
\BOOKMARK [3][-]{subsubsection.9.1.6}{\376\377\000C\000o\000o\000r\000d\000o\000n\000n\000\351\000e\000s\000\040\000r\000\351\000d\000u\000i\000t\000e\000s}{subsection.9.1}% 67
\BOOKMARK [3][-]{subsubsection.9.1.7}{\376\377\000R\000e\000m\000a\000r\000q\000u\000e\000s}{subsection.9.1}% 68
\BOOKMARK [2][-]{subsection.9.2}{\376\377\000C\000a\000s\000\040\000p\000r\000a\000t\000i\000q\000u\000e\000,\000\040\000e\000x\000e\000r\000c\000i\000c\000e\000\040\000c\000o\000r\000r\000i\000g\000\351}{section.9}% 69
\BOOKMARK [1][-]{section.10}{\376\377\000F\000o\000r\000m\000u\000l\000a\000i\000r\000e\000,\000\040\000C\000o\000n\000s\000t\000a\000n\000t\000e\000s\000\040\000e\000t\000\040\000U\000n\000i\000t\000\351\000s}{}% 70
\BOOKMARK [2][-]{subsection.10.1}{\376\377\000F\000o\000r\000m\000u\000l\000e\000s}{section.10}% 71
\BOOKMARK [2][-]{subsection.10.2}{\376\377\000C\000o\000n\000s\000t\000a\000n\000t\000e\000s\000\040\000e\000t\000\040\000U\000n\000i\000t\000\351\000s}{section.10}% 72
