This is pdfTeX, Version 3.141592653-2.6-1.40.26 (TeX Live 2024) (preloaded format=pdflatex 2024.11.18)  2 FEB 2025 19:33
entering extended mode
 restricted \write18 enabled.
 file:line:error style messages enabled.
 %&-line parsing enabled.
**c:/Users/jaman/Documents/GitHub/Cours-INSA-LYON/Chimie/main.tex
(c:/Users/jaman/Documents/GitHub/Cours-INSA-LYON/Chimie/main.tex
LaTeX2e <2024-11-01>
L3 programming layer <2024-11-02>
(c:/ProgramData/texlive/2024/texmf-dist/tex/latex/base/article.cls
Document Class: article 2024/06/29 v1.4n Standard LaTeX document class
(c:/ProgramData/texlive/2024/texmf-dist/tex/latex/base/size10.clo
File: size10.clo 2024/06/29 v1.4n Standard LaTeX file (size option)
)
\c@part=\count196
\c@section=\count197
\c@subsection=\count198
\c@subsubsection=\count199
\c@paragraph=\count266
\c@subparagraph=\count267
\c@figure=\count268
\c@table=\count269
\abovecaptionskip=\skip49
\belowcaptionskip=\skip50
\bibindent=\dimen141
) (./custom_style.sty
Package: custom_style 
 (c:/ProgramData/texlive/2024/texmf-dist/tex/generic/babel/babel.sty
Package: babel 2024/11/08 v24.13 The multilingual framework for pdfLaTeX, LuaLaTeX and XeLaTeX
\babel@savecnt=\count270
\U@D=\dimen142
\l@unhyphenated=\language89
 (c:/ProgramData/texlive/2024/texmf-dist/tex/generic/babel/txtbabel.def)
\bbl@readstream=\read2
\bbl@dirlevel=\count271
 (c:/ProgramData/texlive/2024/texmf-dist/tex/generic/babel-french/french.ldf
Language: french 2024-07-25 v3.6c French support from the babel system
Package babel Info: Hyphen rules for 'acadian' set to \l@french
(babel)             (\language31). Reported on input line 91.
Package babel Info: Hyphen rules for 'canadien' set to \l@french
(babel)             (\language31). Reported on input line 92.
\FB@stdchar=\count272
Package babel Info: Making : an active character on input line 421.
Package babel Info: Making ; an active character on input line 422.
Package babel Info: Making ! an active character on input line 423.
Package babel Info: Making ? an active character on input line 424.
\FBguill@level=\count273
\FBold@everypar=\toks17
\FB@Mht=\dimen143
\mc@charclass=\count274
\mc@charfam=\count275
\mc@charslot=\count276
\std@mcc=\count277
\dec@mcc=\count278
\FB@parskip=\dimen144
\listindentFB=\dimen145
\descindentFB=\dimen146
\labelindentFB=\dimen147
\labelwidthFB=\dimen148
\leftmarginFB=\dimen149
\parindentFFN=\dimen150
\FBfnindent=\dimen151
)) (c:/ProgramData/texlive/2024/texmf-dist/tex/generic/babel/locale/fr/babel-french.tex
Package babel Info: Importing font and identification data for french
(babel)             from babel-fr.ini. Reported on input line 11.
) (c:/ProgramData/texlive/2024/texmf-dist/tex/latex/carlisle/scalefnt.sty) (c:/ProgramData/texlive/2024/texmf-dist/tex/latex/geometry/geometry.sty
Package: geometry 2020/01/02 v5.9 Page Geometry
 (c:/ProgramData/texlive/2024/texmf-dist/tex/latex/graphics/keyval.sty
Package: keyval 2022/05/29 v1.15 key=value parser (DPC)
\KV@toks@=\toks18
) (c:/ProgramData/texlive/2024/texmf-dist/tex/generic/iftex/ifvtex.sty
Package: ifvtex 2019/10/25 v1.7 ifvtex legacy package. Use iftex instead.
 (c:/ProgramData/texlive/2024/texmf-dist/tex/generic/iftex/iftex.sty
Package: iftex 2022/02/03 v1.0f TeX engine tests
))
\Gm@cnth=\count279
\Gm@cntv=\count280
\c@Gm@tempcnt=\count281
\Gm@bindingoffset=\dimen152
\Gm@wd@mp=\dimen153
\Gm@odd@mp=\dimen154
\Gm@even@mp=\dimen155
\Gm@layoutwidth=\dimen156
\Gm@layoutheight=\dimen157
\Gm@layouthoffset=\dimen158
\Gm@layoutvoffset=\dimen159
\Gm@dimlist=\toks19
) (c:/ProgramData/texlive/2024/texmf-dist/tex/latex/base/fontenc.sty
Package: fontenc 2021/04/29 v2.0v Standard LaTeX package
) (c:/ProgramData/texlive/2024/texmf-dist/tex/latex/float/float.sty
Package: float 2001/11/08 v1.3d Float enhancements (AL)
\c@float@type=\count282
\float@exts=\toks20
\float@box=\box52
\@float@everytoks=\toks21
\@floatcapt=\box53
) (c:/ProgramData/texlive/2024/texmf-dist/tex/latex/amsmath/amsmath.sty
Package: amsmath 2024/11/05 v2.17t AMS math features
\@mathmargin=\skip51

For additional information on amsmath, use the `?' option.
(c:/ProgramData/texlive/2024/texmf-dist/tex/latex/amsmath/amstext.sty
Package: amstext 2021/08/26 v2.01 AMS text
 (c:/ProgramData/texlive/2024/texmf-dist/tex/latex/amsmath/amsgen.sty
File: amsgen.sty 1999/11/30 v2.0 generic functions
\@emptytoks=\toks22
\ex@=\dimen160
)) (c:/ProgramData/texlive/2024/texmf-dist/tex/latex/amsmath/amsbsy.sty
Package: amsbsy 1999/11/29 v1.2d Bold Symbols
\pmbraise@=\dimen161
) (c:/ProgramData/texlive/2024/texmf-dist/tex/latex/amsmath/amsopn.sty
Package: amsopn 2022/04/08 v2.04 operator names
)
\inf@bad=\count283
LaTeX Info: Redefining \frac on input line 233.
\uproot@=\count284
\leftroot@=\count285
LaTeX Info: Redefining \overline on input line 398.
LaTeX Info: Redefining \colon on input line 409.
\classnum@=\count286
\DOTSCASE@=\count287
LaTeX Info: Redefining \ldots on input line 495.
LaTeX Info: Redefining \dots on input line 498.
LaTeX Info: Redefining \cdots on input line 619.
\Mathstrutbox@=\box54
\strutbox@=\box55
LaTeX Info: Redefining \big on input line 721.
LaTeX Info: Redefining \Big on input line 722.
LaTeX Info: Redefining \bigg on input line 723.
LaTeX Info: Redefining \Bigg on input line 724.
\big@size=\dimen162
LaTeX Font Info:    Redeclaring font encoding OML on input line 742.
LaTeX Font Info:    Redeclaring font encoding OMS on input line 743.
\macc@depth=\count288
LaTeX Info: Redefining \bmod on input line 904.
LaTeX Info: Redefining \pmod on input line 909.
LaTeX Info: Redefining \smash on input line 939.
LaTeX Info: Redefining \relbar on input line 969.
LaTeX Info: Redefining \Relbar on input line 970.
\c@MaxMatrixCols=\count289
\dotsspace@=\muskip17
\c@parentequation=\count290
\dspbrk@lvl=\count291
\tag@help=\toks23
\row@=\count292
\column@=\count293
\maxfields@=\count294
\andhelp@=\toks24
\eqnshift@=\dimen163
\alignsep@=\dimen164
\tagshift@=\dimen165
\tagwidth@=\dimen166
\totwidth@=\dimen167
\lineht@=\dimen168
\@envbody=\toks25
\multlinegap=\skip52
\multlinetaggap=\skip53
\mathdisplay@stack=\toks26
LaTeX Info: Redefining \[ on input line 2953.
LaTeX Info: Redefining \] on input line 2954.
) (c:/ProgramData/texlive/2024/texmf-dist/tex/latex/amsfonts/amssymb.sty
Package: amssymb 2013/01/14 v3.01 AMS font symbols
 (c:/ProgramData/texlive/2024/texmf-dist/tex/latex/amsfonts/amsfonts.sty
Package: amsfonts 2013/01/14 v3.01 Basic AMSFonts support
\symAMSa=\mathgroup4
\symAMSb=\mathgroup5
LaTeX Font Info:    Redeclaring math symbol \hbar on input line 98.
LaTeX Font Info:    Overwriting math alphabet `\mathfrak' in version `bold'
(Font)                  U/euf/m/n --> U/euf/b/n on input line 106.
)) (c:/ProgramData/texlive/2024/texmf-dist/tex/latex/graphics/graphicx.sty
Package: graphicx 2021/09/16 v1.2d Enhanced LaTeX Graphics (DPC,SPQR)
 (c:/ProgramData/texlive/2024/texmf-dist/tex/latex/graphics/graphics.sty
Package: graphics 2024/08/06 v1.4g Standard LaTeX Graphics (DPC,SPQR)
 (c:/ProgramData/texlive/2024/texmf-dist/tex/latex/graphics/trig.sty
Package: trig 2023/12/02 v1.11 sin cos tan (DPC)
) (c:/ProgramData/texlive/2024/texmf-dist/tex/latex/graphics-cfg/graphics.cfg
File: graphics.cfg 2016/06/04 v1.11 sample graphics configuration
)
Package graphics Info: Driver file: pdftex.def on input line 106.
 (c:/ProgramData/texlive/2024/texmf-dist/tex/latex/graphics-def/pdftex.def
File: pdftex.def 2024/04/13 v1.2c Graphics/color driver for pdftex
))
\Gin@req@height=\dimen169
\Gin@req@width=\dimen170
) (c:/ProgramData/texlive/2024/texmf-dist/tex/latex/makecell/makecell.sty
Package: makecell 2009/08/03 V0.1e Managing of Tab Column Heads and Cells
 (c:/ProgramData/texlive/2024/texmf-dist/tex/latex/tools/array.sty
Package: array 2024/10/17 v2.6g Tabular extension package (FMi)
\col@sep=\dimen171
\ar@mcellbox=\box56
\extrarowheight=\dimen172
\NC@list=\toks27
\extratabsurround=\skip54
\backup@length=\skip55
\ar@cellbox=\box57
)
\rotheadsize=\dimen173
\c@nlinenum=\count295
\TeXr@lab=\toks28
) (c:/ProgramData/texlive/2024/texmf-dist/tex/latex/diagbox/diagbox.sty
Package: diagbox 2020/02/09 v2.3 Making table heads with diagonal lines
 (c:/ProgramData/texlive/2024/texmf-dist/tex/latex/pict2e/pict2e.sty
Package: pict2e 2020/09/30 v0.4b Improved picture commands (HjG,RN,JT)
 (c:/ProgramData/texlive/2024/texmf-dist/tex/latex/pict2e/pict2e.cfg
File: pict2e.cfg 2016/02/05 v0.1u pict2e configuration for teTeX/TeXLive
)
Package pict2e Info: Driver file: pdftex.def on input line 112.
Package pict2e Info: Driver file for pict2e: p2e-pdftex.def on input line 114.
 (c:/ProgramData/texlive/2024/texmf-dist/tex/latex/pict2e/p2e-pdftex.def
File: p2e-pdftex.def 2016/02/05 v0.1u Driver-dependant file (RN,HjG,JT)
)
\pIIe@GRAPH=\toks29
\@arclen=\dimen174
\@arcrad=\dimen175
\pIIe@tempdima=\dimen176
\pIIe@tempdimb=\dimen177
\pIIe@tempdimc=\dimen178
\pIIe@tempdimd=\dimen179
\pIIe@tempdime=\dimen180
\pIIe@tempdimf=\dimen181
) (c:/ProgramData/texlive/2024/texmf-dist/tex/latex/tools/calc.sty
Package: calc 2023/07/08 v4.3 Infix arithmetic (KKT,FJ)
\calc@Acount=\count296
\calc@Bcount=\count297
\calc@Adimen=\dimen182
\calc@Bdimen=\dimen183
\calc@Askip=\skip56
\calc@Bskip=\skip57
LaTeX Info: Redefining \setlength on input line 80.
LaTeX Info: Redefining \addtolength on input line 81.
\calc@Ccount=\count298
\calc@Cskip=\skip58
)
\diagbox@boxa=\box58
\diagbox@boxb=\box59
\diagbox@boxm=\box60
\diagbox@wd=\dimen184
\diagbox@ht=\dimen185
\diagbox@insepl=\dimen186
\diagbox@insepr=\dimen187
\diagbox@outsepl=\dimen188
\diagbox@outsepr=\dimen189
) (c:/ProgramData/texlive/2024/texmf-dist/tex/latex/hyperref/hyperref.sty
Package: hyperref 2024-11-05 v7.01l Hypertext links for LaTeX
 (c:/ProgramData/texlive/2024/texmf-dist/tex/latex/kvsetkeys/kvsetkeys.sty
Package: kvsetkeys 2022-10-05 v1.19 Key value parser (HO)
) (c:/ProgramData/texlive/2024/texmf-dist/tex/generic/kvdefinekeys/kvdefinekeys.sty
Package: kvdefinekeys 2019-12-19 v1.6 Define keys (HO)
) (c:/ProgramData/texlive/2024/texmf-dist/tex/generic/pdfescape/pdfescape.sty
Package: pdfescape 2019/12/09 v1.15 Implements pdfTeX's escape features (HO)
 (c:/ProgramData/texlive/2024/texmf-dist/tex/generic/ltxcmds/ltxcmds.sty
Package: ltxcmds 2023-12-04 v1.26 LaTeX kernel commands for general use (HO)
) (c:/ProgramData/texlive/2024/texmf-dist/tex/generic/pdftexcmds/pdftexcmds.sty
Package: pdftexcmds 2020-06-27 v0.33 Utility functions of pdfTeX for LuaTeX (HO)
 (c:/ProgramData/texlive/2024/texmf-dist/tex/generic/infwarerr/infwarerr.sty
Package: infwarerr 2019/12/03 v1.5 Providing info/warning/error messages (HO)
)
Package pdftexcmds Info: \pdf@primitive is available.
Package pdftexcmds Info: \pdf@ifprimitive is available.
Package pdftexcmds Info: \pdfdraftmode found.
)) (c:/ProgramData/texlive/2024/texmf-dist/tex/latex/hycolor/hycolor.sty
Package: hycolor 2020-01-27 v1.10 Color options for hyperref/bookmark (HO)
) (c:/ProgramData/texlive/2024/texmf-dist/tex/latex/hyperref/nameref.sty
Package: nameref 2023-11-26 v2.56 Cross-referencing by name of section
 (c:/ProgramData/texlive/2024/texmf-dist/tex/latex/refcount/refcount.sty
Package: refcount 2019/12/15 v3.6 Data extraction from label references (HO)
) (c:/ProgramData/texlive/2024/texmf-dist/tex/generic/gettitlestring/gettitlestring.sty
Package: gettitlestring 2019/12/15 v1.6 Cleanup title references (HO)
 (c:/ProgramData/texlive/2024/texmf-dist/tex/latex/kvoptions/kvoptions.sty
Package: kvoptions 2022-06-15 v3.15 Key value format for package options (HO)
))
\c@section@level=\count299
) (c:/ProgramData/texlive/2024/texmf-dist/tex/latex/etoolbox/etoolbox.sty
Package: etoolbox 2020/10/05 v2.5k e-TeX tools for LaTeX (JAW)
\etb@tempcnta=\count300
) (c:/ProgramData/texlive/2024/texmf-dist/tex/generic/stringenc/stringenc.sty
Package: stringenc 2019/11/29 v1.12 Convert strings between diff. encodings (HO)
)
\@linkdim=\dimen190
\Hy@linkcounter=\count301
\Hy@pagecounter=\count302
 (c:/ProgramData/texlive/2024/texmf-dist/tex/latex/hyperref/pd1enc.def
File: pd1enc.def 2024-11-05 v7.01l Hyperref: PDFDocEncoding definition (HO)
Now handling font encoding PD1 ...
... no UTF-8 mapping file for font encoding PD1
) (c:/ProgramData/texlive/2024/texmf-dist/tex/generic/intcalc/intcalc.sty
Package: intcalc 2019/12/15 v1.3 Expandable calculations with integers (HO)
)
\Hy@SavedSpaceFactor=\count303
 (c:/ProgramData/texlive/2024/texmf-dist/tex/latex/hyperref/puenc.def
File: puenc.def 2024-11-05 v7.01l Hyperref: PDF Unicode definition (HO)
Now handling font encoding PU ...
... no UTF-8 mapping file for font encoding PU
)
Package hyperref Info: Option `colorlinks' set `true' on input line 4040.
Package hyperref Info: Hyper figures OFF on input line 4157.
Package hyperref Info: Link nesting OFF on input line 4162.
Package hyperref Info: Hyper index ON on input line 4165.
Package hyperref Info: Plain pages OFF on input line 4172.
Package hyperref Info: Backreferencing OFF on input line 4177.
Package hyperref Info: Implicit mode ON; LaTeX internals redefined.
Package hyperref Info: Bookmarks ON on input line 4424.
\c@Hy@tempcnt=\count304
 (c:/ProgramData/texlive/2024/texmf-dist/tex/latex/url/url.sty
\Urlmuskip=\muskip18
Package: url 2013/09/16  ver 3.4  Verb mode for urls, etc.
)
LaTeX Info: Redefining \url on input line 4763.
\XeTeXLinkMargin=\dimen191
 (c:/ProgramData/texlive/2024/texmf-dist/tex/generic/bitset/bitset.sty
Package: bitset 2019/12/09 v1.3 Handle bit-vector datatype (HO)
 (c:/ProgramData/texlive/2024/texmf-dist/tex/generic/bigintcalc/bigintcalc.sty
Package: bigintcalc 2019/12/15 v1.5 Expandable calculations on big integers (HO)
))
\Fld@menulength=\count305
\Field@Width=\dimen192
\Fld@charsize=\dimen193
Package hyperref Info: Hyper figures OFF on input line 6042.
Package hyperref Info: Link nesting OFF on input line 6047.
Package hyperref Info: Hyper index ON on input line 6050.
Package hyperref Info: backreferencing OFF on input line 6057.
Package hyperref Info: Link coloring ON on input line 6060.
Package hyperref Info: Link coloring with OCG OFF on input line 6067.
Package hyperref Info: PDF/A mode OFF on input line 6072.
 (c:/ProgramData/texlive/2024/texmf-dist/tex/latex/base/atbegshi-ltx.sty
Package: atbegshi-ltx 2021/01/10 v1.0c Emulation of the original atbegshi
package with kernel methods
)
\Hy@abspage=\count306
\c@Item=\count307
\c@Hfootnote=\count308
)
Package hyperref Info: Driver (autodetected): hpdftex.
 (c:/ProgramData/texlive/2024/texmf-dist/tex/latex/hyperref/hpdftex.def
File: hpdftex.def 2024-11-05 v7.01l Hyperref driver for pdfTeX
 (c:/ProgramData/texlive/2024/texmf-dist/tex/latex/base/atveryend-ltx.sty
Package: atveryend-ltx 2020/08/19 v1.0a Emulation of the original atveryend package
with kernel methods
)
\Fld@listcount=\count309
\c@bookmark@seq@number=\count310
 (c:/ProgramData/texlive/2024/texmf-dist/tex/latex/rerunfilecheck/rerunfilecheck.sty
Package: rerunfilecheck 2022-07-10 v1.10 Rerun checks for auxiliary files (HO)
 (c:/ProgramData/texlive/2024/texmf-dist/tex/generic/uniquecounter/uniquecounter.sty
Package: uniquecounter 2019/12/15 v1.4 Provide unlimited unique counter (HO)
)
Package uniquecounter Info: New unique counter `rerunfilecheck' on input line 285.
)
\Hy@SectionHShift=\skip59
) (c:/ProgramData/texlive/2024/texmf-dist/tex/latex/siunitx/siunitx.sty
Package: siunitx 2024-11-15 v3.3.23 A comprehensive (SI) units package
\l__siunitx_number_uncert_offset_int=\count311
\l__siunitx_number_exponent_fixed_int=\count312
\l__siunitx_number_min_decimal_int=\count313
\l__siunitx_number_min_integer_int=\count314
\l__siunitx_number_round_precision_int=\count315
\l__siunitx_number_lower_threshold_int=\count316
\l__siunitx_number_upper_threshold_int=\count317
\l__siunitx_number_group_first_int=\count318
\l__siunitx_number_group_size_int=\count319
\l__siunitx_number_group_minimum_int=\count320
\l__siunitx_angle_tmp_dim=\dimen194
\l__siunitx_angle_marker_box=\box61
\l__siunitx_angle_unit_box=\box62
\l__siunitx_compound_count_int=\count321
 (c:/ProgramData/texlive/2024/texmf-dist/tex/latex/translations/translations.sty
Package: translations 2022/02/05 v1.12 internationalization of LaTeX2e packages (CN)
)
\l__siunitx_table_tmp_box=\box63
\l__siunitx_table_tmp_dim=\dimen195
\l__siunitx_table_column_width_dim=\dimen196
\l__siunitx_table_integer_box=\box64
\l__siunitx_table_decimal_box=\box65
\l__siunitx_table_uncert_box=\box66
\l__siunitx_table_before_box=\box67
\l__siunitx_table_after_box=\box68
\l__siunitx_table_before_dim=\dimen197
\l__siunitx_table_carry_dim=\dimen198
\l__siunitx_unit_tmp_int=\count322
\l__siunitx_unit_position_int=\count323
\l__siunitx_unit_total_int=\count324
) (c:/ProgramData/texlive/2024/texmf-dist/tex/latex/tools/bm.sty
Package: bm 2023/12/19 v1.2f Bold Symbol Support (DPC/FMi)
\symboldoperators=\mathgroup6
\symboldletters=\mathgroup7
\symboldsymbols=\mathgroup8
Package bm Info: No bold for \OMX/cmex/m/n, using \pmb.
Package bm Info: No bold for \U/msa/m/n, using \pmb.
Package bm Info: No bold for \U/msb/m/n, using \pmb.
LaTeX Font Info:    Redeclaring math alphabet \mathbf on input line 149.
) (c:/ProgramData/texlive/2024/texmf-dist/tex/latex/pstricks/pstricks.sty
Package: pstricks 2024/02/02 v0.75 LaTeX wrapper for `PSTricks' (RN,HV)
 (c:/ProgramData/texlive/2024/texmf-dist/tex/latex/xcolor/xcolor.sty
Package: xcolor 2024/09/29 v3.02 LaTeX color extensions (UK)
 (c:/ProgramData/texlive/2024/texmf-dist/tex/latex/graphics-cfg/color.cfg
File: color.cfg 2016/01/02 v1.6 sample color configuration
)
Package xcolor Info: Driver file: pdftex.def on input line 274.
 (c:/ProgramData/texlive/2024/texmf-dist/tex/latex/graphics/mathcolor.ltx)
Package xcolor Info: Model `cmy' substituted by `cmy0' on input line 1349.
Package xcolor Info: Model `hsb' substituted by `rgb' on input line 1353.
Package xcolor Info: Model `RGB' extended on input line 1365.
Package xcolor Info: Model `HTML' substituted by `rgb' on input line 1367.
Package xcolor Info: Model `Hsb' substituted by `hsb' on input line 1368.
Package xcolor Info: Model `tHsb' substituted by `hsb' on input line 1369.
Package xcolor Info: Model `HSB' substituted by `hsb' on input line 1370.
Package xcolor Info: Model `Gray' substituted by `gray' on input line 1371.
Package xcolor Info: Model `wave' substituted by `hsb' on input line 1372.
) (c:/ProgramData/texlive/2024/texmf-dist/tex/generic/xkeyval/pst-xkey.tex
File: pst-xkey.tex 2005/11/25 v1.6 PSTricks specialization of xkeyval (HA)
 (c:/ProgramData/texlive/2024/texmf-dist/tex/latex/xkeyval/xkeyval.sty
Package: xkeyval 2022/06/16 v2.9 package option processing (HA)
 (c:/ProgramData/texlive/2024/texmf-dist/tex/generic/xkeyval/xkeyval.tex (c:/ProgramData/texlive/2024/texmf-dist/tex/generic/xkeyval/xkvutils.tex
\XKV@toks=\toks30
\XKV@tempa@toks=\toks31
)
\XKV@depth=\count325
File: xkeyval.tex 2014/12/03 v2.7a key=value parser (HA)
))) (c:/ProgramData/texlive/2024/texmf-dist/tex/generic/pstricks/pstricks.tex (c:/ProgramData/texlive/2024/texmf-dist/tex/generic/pstricks/pst-fp.tex `pst-fp' v0.06, 2020/11/20 (hv)
\pstFP@xs=\count326
\pstFP@xia=\count327
\pstFP@xib=\count328
\pstFP@xfa=\count329
\pstFP@xfb=\count330
\pstFP@rega=\count331
\pstFP@regb=\count332
\pstFP@regs=\count333
\pstFP@times=\count334
) (c:/ProgramData/texlive/2024/texmf-dist/tex/latex/pgf/utilities/pgffor.sty (c:/ProgramData/texlive/2024/texmf-dist/tex/latex/pgf/utilities/pgfrcs.sty (c:/ProgramData/texlive/2024/texmf-dist/tex/generic/pgf/utilities/pgfutil-common.tex
\pgfutil@everybye=\toks32
\pgfutil@tempdima=\dimen199
\pgfutil@tempdimb=\dimen256
) (c:/ProgramData/texlive/2024/texmf-dist/tex/generic/pgf/utilities/pgfutil-latex.def
\pgfutil@abb=\box69
) (c:/ProgramData/texlive/2024/texmf-dist/tex/generic/pgf/utilities/pgfrcs.code.tex (c:/ProgramData/texlive/2024/texmf-dist/tex/generic/pgf/pgf.revision.tex)
Package: pgfrcs 2023-01-15 v3.1.10 (3.1.10)
)) (c:/ProgramData/texlive/2024/texmf-dist/tex/latex/pgf/utilities/pgfkeys.sty (c:/ProgramData/texlive/2024/texmf-dist/tex/generic/pgf/utilities/pgfkeys.code.tex
\pgfkeys@pathtoks=\toks33
\pgfkeys@temptoks=\toks34
 (c:/ProgramData/texlive/2024/texmf-dist/tex/generic/pgf/utilities/pgfkeyslibraryfiltered.code.tex
\pgfkeys@tmptoks=\toks35
))) (c:/ProgramData/texlive/2024/texmf-dist/tex/latex/pgf/math/pgfmath.sty (c:/ProgramData/texlive/2024/texmf-dist/tex/generic/pgf/math/pgfmath.code.tex (c:/ProgramData/texlive/2024/texmf-dist/tex/generic/pgf/math/pgfmathutil.code.tex
\pgf@x=\dimen257
\pgf@xa=\dimen258
\pgf@xb=\dimen259
\pgf@xc=\dimen260
\pgf@y=\dimen261
\pgf@ya=\dimen262
\pgf@yb=\dimen263
\pgf@yc=\dimen264
\c@pgf@counta=\count335
\c@pgf@countb=\count336
\c@pgf@countc=\count337
\c@pgf@countd=\count338
) (c:/ProgramData/texlive/2024/texmf-dist/tex/generic/pgf/math/pgfmathparser.code.tex
\pgfmath@dimen=\dimen265
\pgfmath@count=\count339
\pgfmath@box=\box70
\pgfmath@toks=\toks36
\pgfmath@stack@operand=\toks37
\pgfmath@stack@operation=\toks38
) (c:/ProgramData/texlive/2024/texmf-dist/tex/generic/pgf/math/pgfmathfunctions.code.tex) (c:/ProgramData/texlive/2024/texmf-dist/tex/generic/pgf/math/pgfmathfunctions.basic.code.tex) (c:/ProgramData/texlive/2024/texmf-dist/tex/generic/pgf/math/pgfmathfunctions.trigonometric.code.tex) (c:/ProgramData/texlive/2024/texmf-dist/tex/generic/pgf/math/pgfmathfunctions.random.code.tex) (c:/ProgramData/texlive/2024/texmf-dist/tex/generic/pgf/math/pgfmathfunctions.comparison.code.tex) (c:/ProgramData/texlive/2024/texmf-dist/tex/generic/pgf/math/pgfmathfunctions.base.code.tex) (c:/ProgramData/texlive/2024/texmf-dist/tex/generic/pgf/math/pgfmathfunctions.round.code.tex) (c:/ProgramData/texlive/2024/texmf-dist/tex/generic/pgf/math/pgfmathfunctions.misc.code.tex) (c:/ProgramData/texlive/2024/texmf-dist/tex/generic/pgf/math/pgfmathfunctions.integerarithmetics.code.tex) (c:/ProgramData/texlive/2024/texmf-dist/tex/generic/pgf/math/pgfmathcalc.code.tex) (c:/ProgramData/texlive/2024/texmf-dist/tex/generic/pgf/math/pgfmathfloat.code.tex
\c@pgfmathroundto@lastzeros=\count340
))) (c:/ProgramData/texlive/2024/texmf-dist/tex/generic/pgf/utilities/pgffor.code.tex
Package: pgffor 2023-01-15 v3.1.10 (3.1.10)
\pgffor@iter=\dimen266
\pgffor@skip=\dimen267
\pgffor@stack=\toks39
\pgffor@toks=\toks40
))
\psLoopIndex=\count341

`PSTricks' v3.21  <2024/11/16> (tvz,hv)
\pst@dima=\dimen268
\pst@dimb=\dimen269
\pst@dimc=\dimen270
\pst@dimd=\dimen271
\pst@dimg=\dimen272
\pst@dimh=\dimen273
\pst@dimm=\dimen274
\pst@dimn=\dimen275
\pst@dimo=\dimen276
\pst@dimp=\dimen277
\pst@hbox=\box71
\pst@ibox=\box72
\pst@boxg=\box73
\pst@cnta=\count342
\pst@cntb=\count343
\pst@cntc=\count344
\pst@cntd=\count345
\pst@cntg=\count346
\pst@cnth=\count347
\pst@cntm=\count348
\pst@cntn=\count349
\pst@cnto=\count350
\pst@cntp=\count351
\@zero=\count352
\pst@toks=\toks41
--- We are running latex or xelatex ---
(c:/ProgramData/texlive/2024/texmf-dist/tex/generic/pstricks/pstricks.con) (c:/ProgramData/texlive/2024/texmf-dist/tex/generic/pstricks/pstricks-color.tex)
\psunit=\dimen278
\psxunit=\dimen279
\psyunit=\dimen280
\pst@C@@rType=\count353
\pslinewidth=\dimen281
\psk@startLW=\dimen282
\psk@endLW=\dimen283
 (c:/ProgramData/texlive/2024/texmf-dist/tex/generic/pstricks/pstricks-arrows.tex
\pshooklength=\dimen284
\pshookwidth=\dimen285
)
\pst@customdefs=\toks42
 (c:/ProgramData/texlive/2024/texmf-dist/tex/generic/pstricks/pstricks-dots.tex)
\pslinearc=\dimen286
\pst@symbolStep=\dimen287
\pst@symbolWidth=\dimen288
\pst@symbolLinewidth=\dimen289
\everypsbox=\toks43
\psframesep=\dimen290
\pslabelsep=\dimen291
\sh@wgridXunit=\dimen292
\sh@wgridYunit=\dimen293
\pst@shift=\dimen294
\ps@imagectr=\count354
 (c:/ProgramData/texlive/2024/texmf-dist/tex/generic/pstricks/pstricks.con))
File: pstricks.tex 2024/11/16 v3.21 `PSTricks' (tvz,hv)
 (c:/ProgramData/texlive/2024/texmf-dist/tex/generic/pstricks/pst-fp.tex `pst-fp' v0.06, 2020/11/20 (hv))
File: pst-fp.tex 2020/11/20 v0.06 `PST-fp' (hv)
) (c:/ProgramData/texlive/2024/texmf-dist/tex/latex/wrapfig/wrapfig.sty
\wrapoverhang=\dimen295
\WF@size=\dimen296
\c@WF@wrappedlines=\count355
\WF@box=\box74
\WF@everypar=\toks44
Package: wrapfig 2003/01/31  v 3.6
) (c:/ProgramData/texlive/2024/texmf-dist/tex/latex/caption/subcaption.sty
Package: subcaption 2023/07/28 v1.6b Sub-captions (AR)
 (c:/ProgramData/texlive/2024/texmf-dist/tex/latex/caption/caption.sty
Package: caption 2023/08/05 v3.6o Customizing captions (AR)
 (c:/ProgramData/texlive/2024/texmf-dist/tex/latex/caption/caption3.sty
Package: caption3 2023/07/31 v2.4d caption3 kernel (AR)
\caption@tempdima=\dimen297
\captionmargin=\dimen298
\caption@leftmargin=\dimen299
\caption@rightmargin=\dimen300
\caption@width=\dimen301
\caption@indent=\dimen302
\caption@parindent=\dimen303
\caption@hangindent=\dimen304
Package caption Info: Standard document class detected.
Package caption Info: french babel package is loaded.
)
\c@caption@flags=\count356
\c@continuedfloat=\count357
Package caption Info: float package is loaded.
Package caption Info: hyperref package is loaded.
Package caption Info: wrapfig package is loaded.
)
Package caption Info: New subtype `subfigure' on input line 238.
\c@subfigure=\count358
Package caption Info: New subtype `subtable' on input line 238.
\c@subtable=\count359
) (c:/ProgramData/texlive/2024/texmf-dist/tex/latex/sauerj/collect.sty
Package: collect 2004/09/12 v0.9 collect the contents of an environment
\CE@tmp@out=\write3
) (c:/ProgramData/texlive/2024/texmf-dist/tex/latex/pgf/frontendlayer/tikz.sty (c:/ProgramData/texlive/2024/texmf-dist/tex/latex/pgf/basiclayer/pgf.sty
Package: pgf 2023-01-15 v3.1.10 (3.1.10)
 (c:/ProgramData/texlive/2024/texmf-dist/tex/latex/pgf/basiclayer/pgfcore.sty (c:/ProgramData/texlive/2024/texmf-dist/tex/latex/pgf/systemlayer/pgfsys.sty (c:/ProgramData/texlive/2024/texmf-dist/tex/generic/pgf/systemlayer/pgfsys.code.tex
Package: pgfsys 2023-01-15 v3.1.10 (3.1.10)
\pgf@x=\dimen305
\pgf@y=\dimen306
\pgf@xa=\dimen307
\pgf@ya=\dimen308
\pgf@xb=\dimen309
\pgf@yb=\dimen310
\pgf@xc=\dimen311
\pgf@yc=\dimen312
\pgf@xd=\dimen313
\pgf@yd=\dimen314
\w@pgf@writea=\write4
\r@pgf@reada=\read3
\c@pgf@counta=\count360
\c@pgf@countb=\count361
\c@pgf@countc=\count362
\c@pgf@countd=\count363
\t@pgf@toka=\toks45
\t@pgf@tokb=\toks46
\t@pgf@tokc=\toks47
\pgf@sys@id@count=\count364
 (c:/ProgramData/texlive/2024/texmf-dist/tex/generic/pgf/systemlayer/pgf.cfg
File: pgf.cfg 2023-01-15 v3.1.10 (3.1.10)
)
Driver file for pgf: pgfsys-pdftex.def
 (c:/ProgramData/texlive/2024/texmf-dist/tex/generic/pgf/systemlayer/pgfsys-pdftex.def
File: pgfsys-pdftex.def 2023-01-15 v3.1.10 (3.1.10)
 (c:/ProgramData/texlive/2024/texmf-dist/tex/generic/pgf/systemlayer/pgfsys-common-pdf.def
File: pgfsys-common-pdf.def 2023-01-15 v3.1.10 (3.1.10)
))) (c:/ProgramData/texlive/2024/texmf-dist/tex/generic/pgf/systemlayer/pgfsyssoftpath.code.tex
File: pgfsyssoftpath.code.tex 2023-01-15 v3.1.10 (3.1.10)
\pgfsyssoftpath@smallbuffer@items=\count365
\pgfsyssoftpath@bigbuffer@items=\count366
) (c:/ProgramData/texlive/2024/texmf-dist/tex/generic/pgf/systemlayer/pgfsysprotocol.code.tex
File: pgfsysprotocol.code.tex 2023-01-15 v3.1.10 (3.1.10)
)) (c:/ProgramData/texlive/2024/texmf-dist/tex/generic/pgf/basiclayer/pgfcore.code.tex
Package: pgfcore 2023-01-15 v3.1.10 (3.1.10)
 (c:/ProgramData/texlive/2024/texmf-dist/tex/generic/pgf/math/pgfint.code.tex) (c:/ProgramData/texlive/2024/texmf-dist/tex/generic/pgf/basiclayer/pgfcorepoints.code.tex
File: pgfcorepoints.code.tex 2023-01-15 v3.1.10 (3.1.10)
\pgf@picminx=\dimen315
\pgf@picmaxx=\dimen316
\pgf@picminy=\dimen317
\pgf@picmaxy=\dimen318
\pgf@pathminx=\dimen319
\pgf@pathmaxx=\dimen320
\pgf@pathminy=\dimen321
\pgf@pathmaxy=\dimen322
\pgf@xx=\dimen323
\pgf@xy=\dimen324
\pgf@yx=\dimen325
\pgf@yy=\dimen326
\pgf@zx=\dimen327
\pgf@zy=\dimen328
) (c:/ProgramData/texlive/2024/texmf-dist/tex/generic/pgf/basiclayer/pgfcorepathconstruct.code.tex
File: pgfcorepathconstruct.code.tex 2023-01-15 v3.1.10 (3.1.10)
\pgf@path@lastx=\dimen329
\pgf@path@lasty=\dimen330
) (c:/ProgramData/texlive/2024/texmf-dist/tex/generic/pgf/basiclayer/pgfcorepathusage.code.tex
File: pgfcorepathusage.code.tex 2023-01-15 v3.1.10 (3.1.10)
\pgf@shorten@end@additional=\dimen331
\pgf@shorten@start@additional=\dimen332
) (c:/ProgramData/texlive/2024/texmf-dist/tex/generic/pgf/basiclayer/pgfcorescopes.code.tex
File: pgfcorescopes.code.tex 2023-01-15 v3.1.10 (3.1.10)
\pgfpic=\box75
\pgf@hbox=\box76
\pgf@layerbox@main=\box77
\pgf@picture@serial@count=\count367
) (c:/ProgramData/texlive/2024/texmf-dist/tex/generic/pgf/basiclayer/pgfcoregraphicstate.code.tex
File: pgfcoregraphicstate.code.tex 2023-01-15 v3.1.10 (3.1.10)
\pgflinewidth=\dimen333
) (c:/ProgramData/texlive/2024/texmf-dist/tex/generic/pgf/basiclayer/pgfcoretransformations.code.tex
File: pgfcoretransformations.code.tex 2023-01-15 v3.1.10 (3.1.10)
\pgf@pt@x=\dimen334
\pgf@pt@y=\dimen335
\pgf@pt@temp=\dimen336
) (c:/ProgramData/texlive/2024/texmf-dist/tex/generic/pgf/basiclayer/pgfcorequick.code.tex
File: pgfcorequick.code.tex 2023-01-15 v3.1.10 (3.1.10)
) (c:/ProgramData/texlive/2024/texmf-dist/tex/generic/pgf/basiclayer/pgfcoreobjects.code.tex
File: pgfcoreobjects.code.tex 2023-01-15 v3.1.10 (3.1.10)
) (c:/ProgramData/texlive/2024/texmf-dist/tex/generic/pgf/basiclayer/pgfcorepathprocessing.code.tex
File: pgfcorepathprocessing.code.tex 2023-01-15 v3.1.10 (3.1.10)
) (c:/ProgramData/texlive/2024/texmf-dist/tex/generic/pgf/basiclayer/pgfcorearrows.code.tex
File: pgfcorearrows.code.tex 2023-01-15 v3.1.10 (3.1.10)
\pgfarrowsep=\dimen337
) (c:/ProgramData/texlive/2024/texmf-dist/tex/generic/pgf/basiclayer/pgfcoreshade.code.tex
File: pgfcoreshade.code.tex 2023-01-15 v3.1.10 (3.1.10)
\pgf@max=\dimen338
\pgf@sys@shading@range@num=\count368
\pgf@shadingcount=\count369
) (c:/ProgramData/texlive/2024/texmf-dist/tex/generic/pgf/basiclayer/pgfcoreimage.code.tex
File: pgfcoreimage.code.tex 2023-01-15 v3.1.10 (3.1.10)
) (c:/ProgramData/texlive/2024/texmf-dist/tex/generic/pgf/basiclayer/pgfcoreexternal.code.tex
File: pgfcoreexternal.code.tex 2023-01-15 v3.1.10 (3.1.10)
\pgfexternal@startupbox=\box78
) (c:/ProgramData/texlive/2024/texmf-dist/tex/generic/pgf/basiclayer/pgfcorelayers.code.tex
File: pgfcorelayers.code.tex 2023-01-15 v3.1.10 (3.1.10)
) (c:/ProgramData/texlive/2024/texmf-dist/tex/generic/pgf/basiclayer/pgfcoretransparency.code.tex
File: pgfcoretransparency.code.tex 2023-01-15 v3.1.10 (3.1.10)
) (c:/ProgramData/texlive/2024/texmf-dist/tex/generic/pgf/basiclayer/pgfcorepatterns.code.tex
File: pgfcorepatterns.code.tex 2023-01-15 v3.1.10 (3.1.10)
) (c:/ProgramData/texlive/2024/texmf-dist/tex/generic/pgf/basiclayer/pgfcorerdf.code.tex
File: pgfcorerdf.code.tex 2023-01-15 v3.1.10 (3.1.10)
))) (c:/ProgramData/texlive/2024/texmf-dist/tex/generic/pgf/modules/pgfmoduleshapes.code.tex
File: pgfmoduleshapes.code.tex 2023-01-15 v3.1.10 (3.1.10)
\pgfnodeparttextbox=\box79
) (c:/ProgramData/texlive/2024/texmf-dist/tex/generic/pgf/modules/pgfmoduleplot.code.tex
File: pgfmoduleplot.code.tex 2023-01-15 v3.1.10 (3.1.10)
) (c:/ProgramData/texlive/2024/texmf-dist/tex/latex/pgf/compatibility/pgfcomp-version-0-65.sty
Package: pgfcomp-version-0-65 2023-01-15 v3.1.10 (3.1.10)
\pgf@nodesepstart=\dimen339
\pgf@nodesepend=\dimen340
) (c:/ProgramData/texlive/2024/texmf-dist/tex/latex/pgf/compatibility/pgfcomp-version-1-18.sty
Package: pgfcomp-version-1-18 2023-01-15 v3.1.10 (3.1.10)
)) (c:/ProgramData/texlive/2024/texmf-dist/tex/generic/pgf/frontendlayer/tikz/tikz.code.tex
Package: tikz 2023-01-15 v3.1.10 (3.1.10)
 (c:/ProgramData/texlive/2024/texmf-dist/tex/generic/pgf/libraries/pgflibraryplothandlers.code.tex
File: pgflibraryplothandlers.code.tex 2023-01-15 v3.1.10 (3.1.10)
\pgf@plot@mark@count=\count370
\pgfplotmarksize=\dimen341
)
\tikz@lastx=\dimen342
\tikz@lasty=\dimen343
\tikz@lastxsaved=\dimen344
\tikz@lastysaved=\dimen345
\tikz@lastmovetox=\dimen346
\tikz@lastmovetoy=\dimen347
\tikzleveldistance=\dimen348
\tikzsiblingdistance=\dimen349
\tikz@figbox=\box80
\tikz@figbox@bg=\box81
\tikz@tempbox=\box82
\tikz@tempbox@bg=\box83
\tikztreelevel=\count371
\tikznumberofchildren=\count372
\tikznumberofcurrentchild=\count373
\tikz@fig@count=\count374
 (c:/ProgramData/texlive/2024/texmf-dist/tex/generic/pgf/modules/pgfmodulematrix.code.tex
File: pgfmodulematrix.code.tex 2023-01-15 v3.1.10 (3.1.10)
\pgfmatrixcurrentrow=\count375
\pgfmatrixcurrentcolumn=\count376
\pgf@matrix@numberofcolumns=\count377
)
\tikz@expandcount=\count378
 (c:/ProgramData/texlive/2024/texmf-dist/tex/generic/pgf/frontendlayer/tikz/libraries/tikzlibrarytopaths.code.tex
File: tikzlibrarytopaths.code.tex 2023-01-15 v3.1.10 (3.1.10)
))) (c:/Users/jaman/texmf/tex/latex/pgf-periodictable/pgf-PeriodicTable.sty
Package: pgf-PeriodicTable 08/09/2024 pgf-PeriodicTable v2.1.4
 (c:/ProgramData/texlive/2024/texmf-dist/tex/generic/pgf/frontendlayer/tikz/libraries/tikzlibraryfadings.code.tex
File: tikzlibraryfadings.code.tex 2023-01-15 v3.1.10 (3.1.10)
 (c:/ProgramData/texlive/2024/texmf-dist/tex/generic/pgf/libraries/pgflibraryfadings.code.tex
File: pgflibraryfadings.code.tex 2023-01-15 v3.1.10 (3.1.10)
)) (c:/ProgramData/texlive/2024/texmf-dist/tex/latex/base/fontenc.sty
Package: fontenc 2021/04/29 v2.0v Standard LaTeX package
) (c:/Users/jaman/texmf/tex/latex/pgf-periodictable/translations/pgfPT.lang.undefined.tex)
\pgfPT@counta=\count379
\pgfPT@countb=\count380
\pgfPT@countc=\count381
\pgfPT@countd=\count382
\pgfPT@counte=\count383
\pgfPT@countf=\count384
\pgfPT@num=\count385
\pgfPT@dima=\dimen350
\pgfPT@dimb=\dimen351
\pgfPT@dimc=\dimen352
\pgfPT@boxwd=\dimen353
\pgfPT@boxht=\dimen354
\pgfPT@data@Z@natwd=\dimen355
\pgfPT@data@DiscY@natwd=\dimen356
\pgfPT@radiobox=\box84
\pgfPT@econfbox=\box85
\pgfPT@tmpbox=\box86
 (c:/Users/jaman/texmf/tex/latex/pgf-periodictable/pgfPT.buildcell.tex
\pgfPT@cell@collumnwd=\dimen357
\pgfPT@cell@collumnwd@unnamedcell=\dimen358
\pgfPT@cell@lineht=\dimen359
\pgfPT@cell@lineht@unnamedcell=\dimen360
\pgfPT@tmpx=\dimen361
\pgfPT@tmpy=\dimen362
\pgfPT@tmpwd=\dimen363
\pgfPT@tmpht=\dimen364
\pgfPT@cellcontentssize=\count386
) (c:/Users/jaman/texmf/tex/latex/pgf-periodictable/pgfPT.formatNumbers.tex) (c:/Users/jaman/texmf/tex/latex/pgf-periodictable/pgfPT.drawing.keys.tex
\pgfPT@nlang@count=\count387
\pgfPT@toks@keyhandler=\toks48
\pgfPT@toks@keyhandlerValue=\toks49
) (c:/Users/jaman/texmf/tex/latex/pgf-periodictable/pgfPT.backcolors.keys.tex) (c:/Users/jaman/texmf/tex/latex/pgf-periodictable/pgfPT.data.tex
\pgfPT@fontsize=\dimen365
) (c:/Users/jaman/texmf/tex/latex/pgf-periodictable/pgfPT.names.tex) (c:/Users/jaman/texmf/tex/latex/pgf-periodictable/pgfPT.labels.tex
\pgfPT@count@note=\count388
) (c:/Users/jaman/texmf/tex/latex/pgf-periodictable/pgfPT.process.language.tex) (c:/Users/jaman/texmf/tex/latex/pgf-periodictable/pgfPT.input.library.tex)) (c:/ProgramData/texlive/2024/texmf-dist/tex/latex/pdflscape/pdflscape.sty
Package: pdflscape 2022-10-27 v0.13 Display of landscape pages in PDF
 (c:/ProgramData/texlive/2024/texmf-dist/tex/latex/pdflscape/pdflscape-nometadata.sty
Package: pdflscape-nometadata 2022-10-28 v0.13 Display of landscape pages in PDF (HO)
 (c:/ProgramData/texlive/2024/texmf-dist/tex/latex/graphics/lscape.sty
Package: lscape 2020/05/28 v3.02 Landscape Pages (DPC)
)
Package pdflscape Info: Auto-detected driver: pdftex on input line 81.
)) (c:/ProgramData/texlive/2024/texmf-dist/tex/generic/chemfig/chemfig.sty (c:/ProgramData/texlive/2024/texmf-dist/tex/generic/chemfig/chemfig.tex (c:/ProgramData/texlive/2024/texmf-dist/tex/generic/simplekv/simplekv.tex
Package: simplekv 2023/10/02 v0.2c Simple keyval package (CT)
) (c:/ProgramData/texlive/2024/texmf-dist/tex/generic/pgf/libraries/pgflibraryarrows.meta.code.tex
File: pgflibraryarrows.meta.code.tex 2023-01-15 v3.1.10 (3.1.10)
\pgfarrowinset=\dimen366
\pgfarrowlength=\dimen367
\pgfarrowwidth=\dimen368
\pgfarrowlinewidth=\dimen369
)
\CF_cnt_atomgroup=\count389
\CF_cnt_group=\count390
\CF_cnt_atom=\count391
\CF_cnt_cycle=\count392
\CF_cnt_cyclebonds=\count393
\CF_cnt_compound=\count394
\CF_dim=\dimen370
\CF_turnangle=\dimen371
\CF_arrowsize=\dimen372
\CF_zero=\dimen373
\CF_box=\box87
\CF_boxstuff=\box88
\CF_testbox=\box89
\CF_chargebox=\box90
\CF_substtoks=\toks50
)
Package: chemfig 2023/12/28 v1.66 Draw molecule with an easy syntax (CT)
) (c:/ProgramData/texlive/2024/texmf-dist/tex/latex/was/upgreek.sty
Package: upgreek 2003/02/12 v2.0 (WaS)
Package upgreek Info: Using Euler Roman for upright Greek on input line 31.
\symugrf@m=\mathgroup9
LaTeX Font Info:    Overwriting symbol font `ugrf@m' in version `bold'
(Font)                  U/eur/m/n --> U/eur/b/n on input line 38.
) (c:/ProgramData/texlive/2024/texmf-dist/tex/latex/chemmacros/chemmacros.sty (c:/ProgramData/texlive/2024/texmf-dist/tex/latex/l3packages/l3keys2e/l3keys2e.sty (c:/ProgramData/texlive/2024/texmf-dist/tex/latex/l3kernel/expl3.sty
Package: expl3 2024-11-02 L3 programming layer (loader) 
 (c:/ProgramData/texlive/2024/texmf-dist/tex/latex/l3backend/l3backend-pdftex.def
File: l3backend-pdftex.def 2024-05-08 L3 backend support: PDF output (pdfTeX)
\l__color_backend_stack_int=\count395
\l__pdf_internal_box=\box91
))
Package: l3keys2e 2024-08-16 LaTeX2e option processing using LaTeX3 keys
)
Package: chemmacros 2022/03/11 v6.2a comprehensive support for typesetting chemistry documents (CN & SK)
\l__chemmacros_tmpa_dim=\dimen374
\l__chemmacros_tmpb_dim=\dimen375
\l__chemmacros_tmpc_dim=\dimen376
\l__chemmacros_tmpa_int=\count396
\l__chemmacros_tmpb_int=\count397
\l__chemmacros_tmpc_int=\count398
\l__chemmacros_tmpa_box=\box92
\l__chemmacros_tmpb_box=\box93
\l__chemmacros_tmpc_box=\box94
Loading the chemmacros module `base' ...

Loading the chemmacros module `base' ...
Loading the chemmacros module `errorcheck' ...
Loading the chemmacros module `errorcheck' ...
Loading the chemmacros module `lang' ...
Loading the chemmacros module `lang' ...
Loading the chemmacros module `greek' ...
Loading the chemmacros module `greek' ...
(c:/ProgramData/texlive/2024/texmf-dist/tex/latex/chemgreek/chemgreek.sty (c:/ProgramData/texlive/2024/texmf-dist/tex/latex/l3packages/xparse/xparse.sty
Package: xparse 2024-08-16 L3 Experimental document command parser
)
Package: chemgreek 2020/01/16 v1.1a interface for upright Greek letters for use in chemistry (CN)
\l__chemgreek_tmpa_int=\count399
\g__chemgreek_tmpa_int=\count400
)
Loading the chemmacros module `formula' ...

Loading the chemmacros module `formula' ...
Loading the chemmacros module `charges' ...
Loading the chemmacros module `charges' ...
Loading the chemmacros module `acid-base' ...
Loading the chemmacros module `acid-base' ...
Loading the chemmacros module `symbols' ...
Loading the chemmacros module `symbols' ...
Loading the chemmacros module `particles' ...
Loading the chemmacros module `particles' ...
\l__chemmacros_nucleophile_dim=\dimen377
Loading the chemmacros module `phases' ...
Loading the chemmacros module `phases' ...
\l__chemmacros_phases_space_dim=\dimen378
Loading the chemmacros module `nomenclature' ...
Loading the chemmacros module `nomenclature' ...
\l__chemmacros_cip_kern_dim=\dimen379
\l__chemmacros_iupac_hyphen_pre_dim=\dimen380
\l__chemmacros_iupac_hyphen_post_dim=\dimen381
\l__chemmacros_iupac_break_dim=\dimen382
\l__chemmacros_iupac_break_skip=\skip60
Loading the chemmacros module `tikz' ...
Loading the chemmacros module `tikz' ...
(c:/ProgramData/texlive/2024/texmf-dist/tex/generic/pgf/frontendlayer/tikz/libraries/tikzlibrarycalc.code.tex
File: tikzlibrarycalc.code.tex 2023-01-15 v3.1.10 (3.1.10)
) (c:/ProgramData/texlive/2024/texmf-dist/tex/generic/pgf/frontendlayer/tikz/libraries/tikzlibrarydecorations.pathmorphing.code.tex (c:/ProgramData/texlive/2024/texmf-dist/tex/generic/pgf/frontendlayer/tikz/libraries/tikzlibrarydecorations.code.tex (c:/ProgramData/texlive/2024/texmf-dist/tex/generic/pgf/modules/pgfmoduledecorations.code.tex
\pgfdecoratedcompleteddistance=\dimen383
\pgfdecoratedremainingdistance=\dimen384
\pgfdecoratedinputsegmentcompleteddistance=\dimen385
\pgfdecoratedinputsegmentremainingdistance=\dimen386
\pgf@decorate@distancetomove=\dimen387
\pgf@decorate@repeatstate=\count401
\pgfdecorationsegmentamplitude=\dimen388
\pgfdecorationsegmentlength=\dimen389
)
\tikz@lib@dec@box=\box95
) (c:/ProgramData/texlive/2024/texmf-dist/tex/generic/pgf/libraries/decorations/pgflibrarydecorations.pathmorphing.code.tex))
\l__chemmacros_el_length_dim=\dimen390
Loading the chemmacros module `isotopes' ...

Loading the chemmacros module `isotopes' ...
(c:/ProgramData/texlive/2024/texmf-dist/tex/latex/elements/elements.sty
Package: elements 2022/01/29 v0.4 properties of chemical elements
\c@@elements@orbital@type=\count402
\c@@elements@shell@number=\count403
)
Loading the chemmacros module `mechanisms' ...

Loading the chemmacros module `mechanisms' ...
Loading the chemmacros module `newman' ...
Loading the chemmacros module `newman' ...
Loading the chemmacros module `orbital' ...
Loading the chemmacros module `orbital' ...
Loading the chemmacros module `polymers' ...
Loading the chemmacros module `polymers' ...
\l__chemmacros_polymer_delimiter_height_dim=\dimen391
\l__chemmacros_polymer_delimiter_depth_dim=\dimen392
Loading the chemmacros module `reactions' ...
Loading the chemmacros module `reactions' ...
\c@reaction=\count404
(c:/ProgramData/texlive/2024/texmf-dist/tex/latex/mathtools/mathtools.sty
Package: mathtools 2024/10/04 v1.31 mathematical typesetting tools
 (c:/ProgramData/texlive/2024/texmf-dist/tex/latex/mathtools/mhsetup.sty
Package: mhsetup 2021/03/18 v1.4 programming setup (MH)
)
\g_MT_multlinerow_int=\count405
\l_MT_multwidth_dim=\dimen393
\origjot=\skip61
\l_MT_shortvdotswithinadjustabove_dim=\dimen394
\l_MT_shortvdotswithinadjustbelow_dim=\dimen395
\l_MT_above_intertext_sep=\dimen396
\l_MT_below_intertext_sep=\dimen397
\l_MT_above_shortintertext_sep=\dimen398
\l_MT_below_shortintertext_sep=\dimen399
\xmathstrut@box=\box96
\xmathstrut@dim=\dimen400
)
Loading the chemmacros module `redox' ...

Loading the chemmacros module `redox' ...
(c:/ProgramData/texlive/2024/texmf-dist/tex/latex/relsize/relsize.sty
Package: relsize 2013/03/29 ver 4.1
)
\l__chemmacros_ox_number_int=\count406
\l__chemmacros_redox_sep_dim=\dimen401
\l__chemmacros_redox_sep_default_dim=\dimen402
\l__chemmacros_redox_dist_dim=\dimen403
Loading the chemmacros module `xfrac' ...

Loading the chemmacros module `xfrac' ...
(c:/ProgramData/texlive/2024/texmf-dist/tex/latex/xfrac/xfrac.sty
Package: xfrac 2024-06-04 Split-level fractions
\l__xfrac_slash_box=\box97
\l__xfrac_tmp_box=\box98
\l__xfrac_denominator_bot_sep_dim=\dimen404
\l__xfrac_numerator_bot_sep_dim=\dimen405
\l__xfrac_numerator_top_sep_dim=\dimen406
\l__xfrac_slash_left_sep_dim=\dimen407
\l__xfrac_slash_right_sep_dim=\dimen408
\l__xfrac_slash_left_muskip=\muskip19
\l__xfrac_slash_right_muskip=\muskip20

LaTeX template Info: Declaring template type 'xfrac' taking 3 argument(s) on
(template)           line 100.


LaTeX template Info: Declaring instance 'cmr' of type xfrac on line 392.


LaTeX template Info: Declaring instance 'cmss' of type xfrac on line 392.


LaTeX template Info: Declaring instance 'cmtt' of type xfrac on line 392.

)

LaTeX template Info: Declaring instance 'chemmacros-frac-cmr-superscript' of
(template)           type xfrac on line 4683.


LaTeX template Info: Declaring instance 'chemmacros-frac-cmr-text' of type
(template)           xfrac on line 4691.

Loading the chemmacros module `scheme' ...

Loading the chemmacros module `scheme' ...
(c:/ProgramData/texlive/2024/texmf-dist/tex/latex/chemnum/chemnum.sty
Package: chemnum 2021/01/21 v1.3a a comprehensive approach for the numbering of chemical compounds (CN)
 (c:/ProgramData/texlive/2024/texmf-dist/tex/latex/psfrag/psfrag.sty
Package: psfrag 1998/04/11 v3.04 PSfrag (MCG)
\pfg@pcount=\count407
\pfg@scount=\count408
\pfg@temp=\write5
)
\l__chemnum_tmpa_int=\count409
\l__chemnum_tmpb_int=\count410
\l__chemnum_tmpc_int=\count411
\c@cmpdmain=\count412
\g__chemnum_main_int=\count413
\l__chemnum_compound_replace_int=\count414
)
Loading the chemmacros module `spectroscopy' ...

Loading the chemmacros module `spectroscopy' ...
\l__chemmacros_nmr_space_skip=\skip62
Loading the chemmacros module `thermodynamics' ...
Loading the chemmacros module `thermodynamics' ...
Loading the chemmacros module `units' ...
Loading the chemmacros module `units' ...
Loading the chemmacros module `reactants' ...
Loading the chemmacros module `reactants' ...
Loading the chemmacros module `translations' ...
Loading the chemmacros module `translations' ...
) (c:/ProgramData/texlive/2024/texmf-dist/tex/latex/units/nicefrac.sty
Package: nicefrac 1998/08/04 v0.9b Nice fractions
\L@UnitsRaiseDisplaystyle=\skip63
\L@UnitsRaiseTextstyle=\skip64
\L@UnitsRaiseScriptstyle=\skip65
 (c:/ProgramData/texlive/2024/texmf-dist/tex/latex/base/ifthen.sty
Package: ifthen 2024/03/16 v1.1e Standard LaTeX ifthen package (DPC)
)) (c:/ProgramData/texlive/2024/texmf-dist/tex/latex/mhchem/mhchem.sty
Package: mhchem 2024/01/29 v4.10 for typesetting chemical formulae
\l__mhchem_ce_distanceFromLastComma_int=\count415
\__mhchem_arrow_extPgfLength_skip=\skip66
\mhchem@minispace@tmp=\skip67
\mhchem@minibackspace@tmp=\skip68
\mhchem@bondwidth=\skip69
\mhchem@bondheight=\skip70
\mhchem@smallbondwidth@tmpA=\skip71
\mhchem@smallbondwidth@tmpB=\skip72
\mhchem@smallbondwidth=\skip73
\mhchem@bondtmp@minussidebearingleft=\skip74
\mhchem@bondtmp@minussidebearingright=\skip75
\l__mhchem_option_version_int=\count416
\mhchem@option@minusmathsidebearingleft=\dimen409
\mhchem@option@minusmathsidebearingright=\dimen410
\mhchem@option@minustextsidebearingleft=\dimen411
\mhchem@option@minustextsidebearingright=\dimen412
) (c:/ProgramData/texlive/2024/texmf-dist/tex/latex/lastpage/lastpage.sty
Package: lastpage 2024/07/07 v2.1c lastpage: 2.09 or 2e? (HMM)
 (c:/ProgramData/texlive/2024/texmf-dist/tex/latex/lastpage/lastpage2e.sty
Package: lastpage2e 2024/07/07 v2.1c Decide which 2e lastpage version to use (HMM)
 (c:/ProgramData/texlive/2024/texmf-dist/tex/latex/lastpage/lastpagemodern.sty
Package: lastpagemodern 2024-07-07 v2.1c Refers to last page's name (HMM; JPG)
\c@lastpagecount=\count417
) 
)) (c:/ProgramData/texlive/2024/texmf-dist/tex/latex/fancyhdr/fancyhdr.sty
Package: fancyhdr 2024/07/23 v4.3.1 Extensive control of page headers and footers
\f@nch@headwidth=\skip76
\f@nch@O@elh=\skip77
\f@nch@O@erh=\skip78
\f@nch@O@olh=\skip79
\f@nch@O@orh=\skip80
\f@nch@O@elf=\skip81
\f@nch@O@erf=\skip82
\f@nch@O@olf=\skip83
\f@nch@O@orf=\skip84
) (c:/ProgramData/texlive/2024/texmf-dist/tex/latex/titlesec/titlesec.sty
Package: titlesec 2023/10/27 v2.16 Sectioning titles
\ttl@box=\box99
\beforetitleunit=\skip85
\aftertitleunit=\skip86
\ttl@plus=\dimen413
\ttl@minus=\dimen414
\ttl@toksa=\toks51
\titlewidth=\dimen415
\titlewidthlast=\dimen416
\titlewidthfirst=\dimen417
) (c:/ProgramData/texlive/2024/texmf-dist/tex/latex/tocloft/tocloft.sty
Package: tocloft 2017/08/31 v2.3i parameterised ToC, etc., typesetting
Package tocloft Info: The document has section divisions on input line 51.
\cftparskip=\skip87
\cftbeforetoctitleskip=\skip88
\cftaftertoctitleskip=\skip89
\cftbeforepartskip=\skip90
\cftpartnumwidth=\skip91
\cftpartindent=\skip92
\cftbeforesecskip=\skip93
\cftsecindent=\skip94
\cftsecnumwidth=\skip95
\cftbeforesubsecskip=\skip96
\cftsubsecindent=\skip97
\cftsubsecnumwidth=\skip98
\cftbeforesubsubsecskip=\skip99
\cftsubsubsecindent=\skip100
\cftsubsubsecnumwidth=\skip101
\cftbeforeparaskip=\skip102
\cftparaindent=\skip103
\cftparanumwidth=\skip104
\cftbeforesubparaskip=\skip105
\cftsubparaindent=\skip106
\cftsubparanumwidth=\skip107
\cftbeforeloftitleskip=\skip108
\cftafterloftitleskip=\skip109
\cftbeforefigskip=\skip110
\cftfigindent=\skip111
\cftfignumwidth=\skip112
\c@lofdepth=\count418
\c@lotdepth=\count419
\cftbeforelottitleskip=\skip113
\cftafterlottitleskip=\skip114
\cftbeforetabskip=\skip115
\cfttabindent=\skip116
\cfttabnumwidth=\skip117
) (c:/ProgramData/texlive/2024/texmf-dist/tex/latex/enumitem/enumitem.sty
Package: enumitem 2019/06/20 v3.9 Customized lists
\labelindent=\skip118
\enit@outerparindent=\dimen418
\enit@toks=\toks52
\enit@inbox=\box100
\enit@count@id=\count420
\enitdp@description=\count421
) (c:/ProgramData/texlive/2024/texmf-dist/tex/latex/fontawesome/fontawesome.sty
Package: fontawesome 2016/05/15 v4.6.3.1 font awesome icons
 (c:/ProgramData/texlive/2024/texmf-dist/tex/generic/iftex/ifxetex.sty
Package: ifxetex 2019/10/25 v0.7 ifxetex legacy package. Use iftex instead.
) (c:/ProgramData/texlive/2024/texmf-dist/tex/generic/iftex/ifluatex.sty
Package: ifluatex 2019/10/25 v1.5 ifluatex legacy package. Use iftex instead.
) (c:/ProgramData/texlive/2024/texmf-dist/tex/latex/fontawesome/fontawesomesymbols-generic.tex) (c:/ProgramData/texlive/2024/texmf-dist/tex/latex/fontawesome/fontawesomesymbols-pdftex.tex))
\CE@@mytable@out=\write6
\c@duptable=\count422
\c@tmp=\count423
)

Package chemmacros Info: Using float defining method `float'.

\@float@every@scheme=\toks53
\c@scheme=\count424
 (./main.aux)
\openout1 = `main.aux'.

LaTeX Font Info:    Checking defaults for OML/cmm/m/it on input line 9.
LaTeX Font Info:    ... okay on input line 9.
LaTeX Font Info:    Checking defaults for OMS/cmsy/m/n on input line 9.
LaTeX Font Info:    ... okay on input line 9.
LaTeX Font Info:    Checking defaults for OT1/cmr/m/n on input line 9.
LaTeX Font Info:    ... okay on input line 9.
LaTeX Font Info:    Checking defaults for T1/cmr/m/n on input line 9.
LaTeX Font Info:    ... okay on input line 9.
LaTeX Font Info:    Checking defaults for TS1/cmr/m/n on input line 9.
LaTeX Font Info:    ... okay on input line 9.
LaTeX Font Info:    Checking defaults for OMX/cmex/m/n on input line 9.
LaTeX Font Info:    ... okay on input line 9.
LaTeX Font Info:    Checking defaults for U/cmr/m/n on input line 9.
LaTeX Font Info:    ... okay on input line 9.
LaTeX Font Info:    Checking defaults for PD1/pdf/m/n on input line 9.
LaTeX Font Info:    ... okay on input line 9.
LaTeX Font Info:    Checking defaults for PU/pdf/m/n on input line 9.
LaTeX Font Info:    ... okay on input line 9.
LaTeX Info: Redefining \degres on input line 9.
Package french.ldf Info: Setting StandardItemizeEnv=true for
(french.ldf)             compatibility with enumitem package,
(french.ldf)             reported on input line 9.
Package french.ldf Info: Setting StandardEnumerateEnv=true for
(french.ldf)             compatibility with enumitem package,
(french.ldf)             reported on input line 9.
LaTeX Info: Redefining \up on input line 9.

*geometry* driver: auto-detecting
*geometry* detected driver: pdftex
*geometry* verbose mode - [ preamble ] result:
* driver: pdftex
* paper: letterpaper
* layout: <same size as paper>
* layoutoffset:(h,v)=(0.0pt,0.0pt)
* modes: 
* h-part:(L,W,R)=(85.35826pt, 443.57848pt, 85.35826pt)
* v-part:(T,H,B)=(56.9055pt, 681.15898pt, 56.9055pt)
* \paperwidth=614.295pt
* \paperheight=794.96999pt
* \textwidth=443.57848pt
* \textheight=681.15898pt
* \oddsidemargin=13.08827pt
* \evensidemargin=13.08827pt
* \topmargin=-52.36449pt
* \headheight=12.0pt
* \headsep=25.0pt
* \topskip=10.0pt
* \footskip=30.0pt
* \marginparwidth=49.79231pt
* \marginparsep=11.0pt
* \columnsep=10.0pt
* \skip\footins=9.0pt plus 4.0pt minus 2.0pt
* \hoffset=0.0pt
* \voffset=0.0pt
* \mag=1000
* \@twocolumnfalse
* \@twosidefalse
* \@mparswitchfalse
* \@reversemarginfalse
* (1in=72.27pt=25.4mm, 1cm=28.453pt)

(c:/ProgramData/texlive/2024/texmf-dist/tex/context/base/mkii/supp-pdf.mkii
[Loading MPS to PDF converter (version 2006.09.02).]
\scratchcounter=\count425
\scratchdimen=\dimen419
\scratchbox=\box101
\nofMPsegments=\count426
\nofMParguments=\count427
\everyMPshowfont=\toks54
\MPscratchCnt=\count428
\MPscratchDim=\dimen420
\MPnumerator=\count429
\makeMPintoPDFobject=\count430
\everyMPtoPDFconversion=\toks55
) (c:/ProgramData/texlive/2024/texmf-dist/tex/latex/epstopdf-pkg/epstopdf-base.sty
Package: epstopdf-base 2020-01-24 v2.11 Base part for package epstopdf
Package epstopdf-base Info: Redefining graphics rule for `.eps' on input line 485.
 (c:/ProgramData/texlive/2024/texmf-dist/tex/latex/latexconfig/epstopdf-sys.cfg
File: epstopdf-sys.cfg 2010/07/13 v1.3 Configuration of (r)epstopdf for TeX Live
))
Package hyperref Info: Link coloring ON on input line 9.
 (./main.out) (./main.out)
\@outlinefile=\write7
\openout7 = `main.out'.

 (c:/ProgramData/texlive/2024/texmf-dist/tex/latex/translations/translations-basic-dictionary-french.trsl
File: translations-basic-dictionary-french.trsl (french translation file `translations-basic-dictionary')
)
Package translations Info: loading dictionary `translations-basic-dictionary' for `french'. on input line 9.
Package caption Info: Begin \AtBeginDocument code.
Package caption Info: End \AtBeginDocument code.

Package chemgreek Info: Activating mapping `upgreek' on line 9.

 (c:/ProgramData/texlive/2024/texmf-dist/tex/latex/elements/elements_names_french.def)
LaTeX Font Info:    Trying to load font information for U+msa on input line 11.
 (c:/ProgramData/texlive/2024/texmf-dist/tex/latex/amsfonts/umsa.fd
File: umsa.fd 2013/01/14 v3.01 AMS symbols A
)
LaTeX Font Info:    Trying to load font information for U+msb on input line 11.
 (c:/ProgramData/texlive/2024/texmf-dist/tex/latex/amsfonts/umsb.fd
File: umsb.fd 2013/01/14 v3.01 AMS symbols B
)

[1
Non-PDF special ignored!
<special> header=pstricks.pro
Non-PDF special ignored!
<special> header=pst-algparser.pro
Non-PDF special ignored!
<special> header=pst-tools.pro
Non-PDF special ignored!
<special> header=pst-dots.pro
Non-PDF special ignored!
<special> header=psfrag.pro

Non-PDF special ignored!
<special> ps: /pssetRGBcolor /setrgbcolor load def /pssetCMYKcolor /setcmyk...
Non-PDF special ignored!
<special> ps:tx@Dict begin  gsave STV CP T /ps@rot 0 def grestore  end
Non-PDF special ignored!
<special> ps:tx@Dict begin  gsave STV CP T /ps@refangle 0.  def grestore  e...
{c:/ProgramData/texlive/2024/texmf-var/fonts/map/pdftex/updmap/pdftex.map}{c:/ProgramData/texlive/2024/texmf-dist/fonts/enc/dvips/cm-super/cm-super-t1.enc}]
LaTeX Font Info:    Trying to load font information for U+fontawesometwo on input line 38.
 (c:/ProgramData/texlive/2024/texmf-dist/tex/latex/fontawesome/ufontawesometwo.fd
File: ufontawesometwo.fd 2016/05/22 Font definitions for U/fontawesometwo.
)

[2

{c:/ProgramData/texlive/2024/texmf-dist/fonts/enc/dvips/fontawesome/fontawesometwo.enc}] (./main.toc

[3])
\tf@toc=\write8
\openout8 = `main.toc'.




Package fancyhdr Warning: \headheight is too small (12.0pt): 
(fancyhdr)                Make it at least 12.1638pt, for example:
(fancyhdr)                \setlength{\headheight}{12.1638pt}.
(fancyhdr)                You might also make \topmargin smaller to compensate:
(fancyhdr)                \addtolength{\topmargin}{-0.1638pt}.

[4]
<Fig/Domaines_du_spectre_lectromagntique.png, id=439, 1927.2pt x 298.11375pt>
File: Fig/Domaines_du_spectre_lectromagntique.png Graphic file (type png)
<use Fig/Domaines_du_spectre_lectromagntique.png>
Package pdftex.def Info: Fig/Domaines_du_spectre_lectromagntique.png  used on input line 70.
(pdftex.def)             Requested size: 443.57848pt x 68.61475pt.

Overfull \hbox (23.55789pt too wide) in paragraph at lines 94--95
[] [] 
 []



[5

 <./Fig/Domaines_du_spectre_lectromagntique.png>]
<Fig/Spectro-emission.png, id=466, 900.966pt x 391.4625pt>
File: Fig/Spectro-emission.png Graphic file (type png)
<use Fig/Spectro-emission.png>
Package pdftex.def Info: Fig/Spectro-emission.png  used on input line 109.
(pdftex.def)             Requested size: 332.68385pt x 144.55214pt.
<Fig/Spectro-absorption.png, id=467, 1019.007pt x 429.40425pt>
File: Fig/Spectro-absorption.png Graphic file (type png)
<use Fig/Spectro-absorption.png>
Package pdftex.def Info: Fig/Spectro-absorption.png  used on input line 119.
(pdftex.def)             Requested size: 332.68385pt x 140.19028pt.



Package fancyhdr Warning: \headheight is too small (12.0pt): 
(fancyhdr)                Make it at least 12.1638pt, for example:
(fancyhdr)                \setlength{\headheight}{12.1638pt}.
(fancyhdr)                You might also make \topmargin smaller to compensate:
(fancyhdr)                \addtolength{\topmargin}{-0.1638pt}.

[6 <./Fig/Spectro-emission.png> <./Fig/Spectro-absorption.png>]


Package fancyhdr Warning: \headheight is too small (12.0pt): 
(fancyhdr)                Make it at least 12.1638pt, for example:
(fancyhdr)                \setlength{\headheight}{12.1638pt}.
(fancyhdr)                You might also make \topmargin smaller to compensate:
(fancyhdr)                \addtolength{\topmargin}{-0.1638pt}.

[7]
<Fig/Grotrian-hydrogene-v2.png, id=488, 613.0905pt x 581.7735pt>
File: Fig/Grotrian-hydrogene-v2.png Graphic file (type png)
<use Fig/Grotrian-hydrogene-v2.png>
Package pdftex.def Info: Fig/Grotrian-hydrogene-v2.png  used on input line 159.
(pdftex.def)             Requested size: 332.68385pt x 315.69763pt.



Package fancyhdr Warning: \headheight is too small (12.0pt): 
(fancyhdr)                Make it at least 12.1638pt, for example:
(fancyhdr)                \setlength{\headheight}{12.1638pt}.
(fancyhdr)                You might also make \topmargin smaller to compensate:
(fancyhdr)                \addtolength{\topmargin}{-0.1638pt}.

[8 <./Fig/Grotrian-hydrogene-v2.png>]
<Fig/Spectre-hydrogene.png, id=497, 867.84225pt x 212.59425pt>
File: Fig/Spectre-hydrogene.png Graphic file (type png)
<use Fig/Spectre-hydrogene.png>
Package pdftex.def Info: Fig/Spectre-hydrogene.png  used on input line 181.
(pdftex.def)             Requested size: 399.21791pt x 97.79778pt.



Package fancyhdr Warning: \headheight is too small (12.0pt): 
(fancyhdr)                Make it at least 12.1638pt, for example:
(fancyhdr)                \setlength{\headheight}{12.1638pt}.
(fancyhdr)                You might also make \topmargin smaller to compensate:
(fancyhdr)                \addtolength{\topmargin}{-0.1638pt}.

[9 <./Fig/Spectre-hydrogene.png>]


Package fancyhdr Warning: \headheight is too small (12.0pt): 
(fancyhdr)                Make it at least 12.1638pt, for example:
(fancyhdr)                \setlength{\headheight}{12.1638pt}.
(fancyhdr)                You might also make \topmargin smaller to compensate:
(fancyhdr)                \addtolength{\topmargin}{-0.1638pt}.

[10]

[11

]


Package fancyhdr Warning: \headheight is too small (12.0pt): 
(fancyhdr)                Make it at least 12.1638pt, for example:
(fancyhdr)                \setlength{\headheight}{12.1638pt}.
(fancyhdr)                You might also make \topmargin smaller to compensate:
(fancyhdr)                \addtolength{\topmargin}{-0.1638pt}.

[12]
<Fig/densit-proba.jpg, id=536, 827.34094pt x 484.81125pt>
File: Fig/densit-proba.jpg Graphic file (type jpg)
<use Fig/densit-proba.jpg>
Package pdftex.def Info: Fig/densit-proba.jpg  used on input line 445.
(pdftex.def)             Requested size: 159.68776pt x 93.57242pt.
<Fig/contour-proba.jpg, id=537, 784.43062pt x 447.92343pt>
File: Fig/contour-proba.jpg Graphic file (type jpg)
<use Fig/contour-proba.jpg>
Package pdftex.def Info: Fig/contour-proba.jpg  used on input line 451.
(pdftex.def)             Requested size: 159.68776pt x 91.18242pt.
<Fig/orbitales.jpg, id=538, 244.0317pt x 144.7809pt>
File: Fig/orbitales.jpg Graphic file (type jpg)
<use Fig/orbitales.jpg>
Package pdftex.def Info: Fig/orbitales.jpg  used on input line 459.
(pdftex.def)             Requested size: 354.86412pt x 210.56314pt.
<Fig/spin.jpg, id=540, 293.59688pt x 271.76532pt>
File: Fig/spin.jpg Graphic file (type jpg)
<use Fig/spin.jpg>
Package pdftex.def Info: Fig/spin.jpg  used on input line 480.
(pdftex.def)             Requested size: 133.07489pt x 123.17653pt.



Package fancyhdr Warning: \headheight is too small (12.0pt): 
(fancyhdr)                Make it at least 12.1638pt, for example:
(fancyhdr)                \setlength{\headheight}{12.1638pt}.
(fancyhdr)                You might also make \topmargin smaller to compensate:
(fancyhdr)                \addtolength{\topmargin}{-0.1638pt}.

[13

 <./Fig/densit-proba.jpg> <./Fig/contour-proba.jpg> <./Fig/orbitales.jpg> <./Fig/spin.jpg>]
<Fig/Densit de probo radiale orbitale 3s 3p 3d.png, id=552, 855.79726pt x 254.1495pt>
File: Fig/Densit de probo radiale orbitale 3s 3p 3d.png Graphic file (type png)
<use Fig/Densit de probo radiale orbitale 3s 3p 3d.png>
Package pdftex.def Info: Fig/Densit de probo radiale orbitale 3s 3p 3d.png  used on input line 500.
(pdftex.def)             Requested size: 221.78923pt x 65.86401pt.
\openout6 = `main.mytable'.

\openout3 = `main.tmp'.

 (./main.tmp)

[14

 <./Fig/Densit de probo radiale orbitale 3s 3p 3d.png>]


Package fancyhdr Warning: \headheight is too small (12.0pt): 
(fancyhdr)                Make it at least 12.1638pt, for example:
(fancyhdr)                \setlength{\headheight}{12.1638pt}.
(fancyhdr)                You might also make \topmargin smaller to compensate:
(fancyhdr)                \addtolength{\topmargin}{-0.1638pt}.

[15]
\pgf@layerbox@pgfPTbacklayer=\box102
\pgf@layerboxsaved@pgfPTbacklayer=\box103
\pgf@layerbox@pgfPTpaperlayer=\box104
\pgf@layerboxsaved@pgfPTpaperlayer=\box105
LaTeX Font Info:    Trying to load font information for T1+phv on input line 668.
 (c:/ProgramData/texlive/2024/texmf-dist/tex/latex/psnfss/t1phv.fd
File: t1phv.fd 2020/03/25 scalable font definitions for T1/phv.
) (c:/Users/jaman/texmf/tex/latex/pgf-periodictable/pgfPT.coordinates.tex)
<pgfPT_radio_symbol.pdf, id=573, 11.94965pt x 11.94965pt>
File: pgfPT_radio_symbol.pdf Graphic file (type pdf)
<use pgfPT_radio_symbol.pdf>
Package pdftex.def Info: pgfPT_radio_symbol.pdf  used on input line 668.
(pdftex.def)             Requested size: 0.0pt x 0.0pt.
LaTeX Font Info:    Font shape `T1/phv/bx/n' in size <5> not available
(Font)              Font shape `T1/phv/b/n' tried instead on input line 668.
\pgfPT@tmpwd=\dimen421
\pgfPT@tmpht=\dimen422
LaTeX Font Info:    Font shape `T1/phv/bx/n' in size <9> not available
(Font)              Font shape `T1/phv/b/n' tried instead on input line 668.
LaTeX Font Info:    Font shape `T1/phv/m/it' in size <8> not available
(Font)              Font shape `T1/phv/m/sl' tried instead on input line 668.


[16

{c:/ProgramData/texlive/2024/texmf-dist/fonts/enc/dvips/base/8r.enc}] (c:/Users/jaman/texmf/tex/latex/pgf-periodictable/pgfPT.coordinates.tex)
File: pgfPT_radio_symbol.pdf Graphic file (type pdf)
<use pgfPT_radio_symbol.pdf>
Package pdftex.def Info: pgfPT_radio_symbol.pdf  used on input line 716.
(pdftex.def)             Requested size: 5.00403pt x 5.00394pt.
\pgfPT@tmpwd=\dimen423
\pgfPT@tmpht=\dimen424



Package fancyhdr Warning: \headheight is too small (12.0pt): 
(fancyhdr)                Make it at least 12.1638pt, for example:
(fancyhdr)                \setlength{\headheight}{12.1638pt}.
(fancyhdr)                You might also make \topmargin smaller to compensate:
(fancyhdr)                \addtolength{\topmargin}{-0.1638pt}.

[17] (c:/Users/jaman/texmf/tex/latex/pgf-periodictable/pgfPT.coordinates.tex)
File: pgfPT_radio_symbol.pdf Graphic file (type pdf)
<use pgfPT_radio_symbol.pdf>
Package pdftex.def Info: pgfPT_radio_symbol.pdf  used on input line 747.
(pdftex.def)             Requested size: 3.95998pt x 3.95996pt.
\pgfPT@tmpwd=\dimen425
\pgfPT@tmpht=\dimen426
File: pgfPT_radio_symbol.pdf Graphic file (type pdf)
<use pgfPT_radio_symbol.pdf>
Package pdftex.def Info: pgfPT_radio_symbol.pdf  used on input line 747.
(pdftex.def)             Requested size: 4.39995pt x 4.4pt.
LaTeX Font Info:    Font shape `T1/phv/bx/n' in size <4.49997> not available
(Font)              Font shape `T1/phv/b/n' tried instead on input line 747.

Overfull \hbox (1.97034pt too wide) in paragraph at lines 747--747
[][]  
 []


Overfull \hbox (13.12526pt too wide) in paragraph at lines 735--748
[][] 
 []

(c:/Users/jaman/texmf/tex/latex/pgf-periodictable/pgfPT.coordinates.tex)
File: pgfPT_radio_symbol.pdf Graphic file (type pdf)
<use pgfPT_radio_symbol.pdf>
Package pdftex.def Info: pgfPT_radio_symbol.pdf  used on input line 773.
(pdftex.def)             Requested size: 3.95998pt x 3.95996pt.
\pgfPT@tmpwd=\dimen427
\pgfPT@tmpht=\dimen428
File: pgfPT_radio_symbol.pdf Graphic file (type pdf)
<use pgfPT_radio_symbol.pdf>
Package pdftex.def Info: pgfPT_radio_symbol.pdf  used on input line 773.
(pdftex.def)             Requested size: 4.39995pt x 4.4pt.

Overfull \hbox (18.11218pt too wide) in paragraph at lines 773--773
[][]  
 []


Overfull \hbox (13.12526pt too wide) in paragraph at lines 758--774
[][] 
 []


LaTeX Warning: Reference `fig:Electrongativit' on page 18 undefined on input line 781.



[18

 <c:/Users/jaman/texmf/tex/latex/pgf-periodictable/pgfPT_radio_symbol.pdf>]
<Fig/tube-a-rayon-x.png, id=612, 1204.5pt x 709.65125pt>
File: Fig/tube-a-rayon-x.png Graphic file (type png)
<use Fig/tube-a-rayon-x.png>
Package pdftex.def Info: Fig/tube-a-rayon-x.png  used on input line 807.
(pdftex.def)             Requested size: 199.60895pt x 117.59633pt.
<Fig/origine-fond-continu.png, id=615, 610.07925pt x 509.5035pt>
File: Fig/origine-fond-continu.png Graphic file (type png)
<use Fig/origine-fond-continu.png>
Package pdftex.def Info: Fig/origine-fond-continu.png  used on input line 838.
(pdftex.def)             Requested size: 191.6229pt x 160.03575pt.
<Fig/Spectre-RX-fond-continu.png, id=616, 551.661pt x 413.1435pt>
File: Fig/Spectre-RX-fond-continu.png Graphic file (type png)
<use Fig/Spectre-RX-fond-continu.png>
Package pdftex.def Info: Fig/Spectre-RX-fond-continu.png  used on input line 844.
(pdftex.def)             Requested size: 191.6229pt x 143.50548pt.


[19

 <./Fig/tube-a-rayon-x.png> <./Fig/origine-fond-continu.png> <./Fig/Spectre-RX-fond-continu.png>]
<Fig/Spectre-RX.png, id=630, 626.34pt x 498.663pt>
File: Fig/Spectre-RX.png Graphic file (type png)
<use Fig/Spectre-RX.png>
Package pdftex.def Info: Fig/Spectre-RX.png  used on input line 878.
(pdftex.def)             Requested size: 191.6229pt x 152.55994pt.
<Fig/origine-raies-rx.png, id=631, 588.39825pt x 461.92575pt>
File: Fig/origine-raies-rx.png Graphic file (type png)
<use Fig/origine-raies-rx.png>
Package pdftex.def Info: Fig/origine-raies-rx.png  used on input line 884.
(pdftex.def)             Requested size: 191.6229pt x 150.43422pt.
<Fig/Grotrian-RX.png, id=632, 548.0475pt x 570.33075pt>
File: Fig/Grotrian-RX.png Graphic file (type png)
<use Fig/Grotrian-RX.png>
Package pdftex.def Info: Fig/Grotrian-RX.png  used on input line 897.
(pdftex.def)             Requested size: 199.60895pt x 207.7295pt.


[20 <./Fig/Spectre-RX.png> <./Fig/origine-raies-rx.png> <./Fig/Grotrian-RX.png>]
<Fig/Moseley.jpg, id=645, 475.7775pt x 680.5425pt>
File: Fig/Moseley.jpg Graphic file (type jpg)
<use Fig/Moseley.jpg>
Package pdftex.def Info: Fig/Moseley.jpg  used on input line 925.
(pdftex.def)             Requested size: 221.78923pt x 317.24857pt.


[21

 <./Fig/Moseley.jpg>]

[22]
<Fig/Beer-Lambert-law-X-rays-to-solid-matter-interaction.png, id=661, 461.87595pt x 295.6006pt>
File: Fig/Beer-Lambert-law-X-rays-to-solid-matter-interaction.png Graphic file (type png)
<use Fig/Beer-Lambert-law-X-rays-to-solid-matter-interaction.png>
Package pdftex.def Info: Fig/Beer-Lambert-law-X-rays-to-solid-matter-interaction.png  used on input line 986.
(pdftex.def)             Requested size: 221.78923pt x 141.94981pt.
<Fig/filtre-rx.png, id=662, 506.49225pt x 380.01974pt>
File: Fig/filtre-rx.png Graphic file (type png)
<use Fig/filtre-rx.png>
Package pdftex.def Info: Fig/filtre-rx.png  used on input line 1012.
(pdftex.def)             Requested size: 170.33325pt x 127.80173pt.
<Fig/coef_absorption.png, id=663, 582.37575pt x 424.58624pt>
File: Fig/coef_absorption.png Graphic file (type png)
<use Fig/coef_absorption.png>
Package pdftex.def Info: Fig/coef_absorption.png  used on input line 1018.
(pdftex.def)             Requested size: 149.04039pt x 108.66002pt.


[23 <./Fig/Beer-Lambert-law-X-rays-to-solid-matter-interaction.png> <./Fig/filtre-rx.png> <./Fig/coef_absorption.png>]
Overfull \hbox (29.91078pt too wide) in paragraph at lines 1057--1065
[][] 
 []



[24

]
Overfull \hbox (11.33017pt too wide) in paragraph at lines 1087--1109
[][] 
 []



[25]

[26

]
Overfull \hbox (12.24593pt too wide) in paragraph at lines 1221--1222
[][]  
 []



[27

]
Overfull \hbox (11.34857pt too wide) in paragraph at lines 1437--1438
 [][] 
 []




Package fancyhdr Warning: \headheight is too small (12.0pt): 
(fancyhdr)                Make it at least 12.1638pt, for example:
(fancyhdr)                \setlength{\headheight}{12.1638pt}.
(fancyhdr)                You might also make \topmargin smaller to compensate:
(fancyhdr)                \addtolength{\topmargin}{-0.1638pt}.

[28

]
<Fig/bravais.jpg, id=710, 528.47438pt x 761.84625pt>
File: Fig/bravais.jpg Graphic file (type jpg)
<use Fig/bravais.jpg>
Package pdftex.def Info: Fig/bravais.jpg  used on input line 1599.
(pdftex.def)             Requested size: 310.50357pt x 447.6138pt.



Package fancyhdr Warning: \headheight is too small (12.0pt): 
(fancyhdr)                Make it at least 12.1638pt, for example:
(fancyhdr)                \setlength{\headheight}{12.1638pt}.
(fancyhdr)                You might also make \topmargin smaller to compensate:
(fancyhdr)                \addtolength{\topmargin}{-0.1638pt}.

[29

 <./Fig/bravais.jpg>] (./main.mytable)

[30

] (c:/Users/jaman/texmf/tex/latex/pgf-periodictable/pgfPT.coordinates.tex)
File: pgfPT_radio_symbol.pdf Graphic file (type pdf)
<use pgfPT_radio_symbol.pdf>
Package pdftex.def Info: pgfPT_radio_symbol.pdf  used on input line 1681.
(pdftex.def)             Requested size: 5.00403pt x 5.00394pt.
LaTeX Font Info:    Font shape `T1/phv/bx/n' in size <10> not available
(Font)              Font shape `T1/phv/b/n' tried instead on input line 1681.
LaTeX Font Info:    Font shape `T1/phv/bx/it' in size <10> not available
(Font)              Font shape `T1/phv/b/it' tried instead on input line 1681.
LaTeX Font Info:    Font shape `T1/phv/b/it' in size <10> not available
(Font)              Font shape `T1/phv/b/sl' tried instead on input line 1681.
\pgfPT@tmpwd=\dimen429
\pgfPT@tmpht=\dimen430
LaTeX Font Info:    Font shape `T1/phv/bx/n' in size <12> not available
(Font)              Font shape `T1/phv/b/n' tried instead on input line 1681.

Overfull \hbox (0.57361pt too wide) in paragraph at lines 1681--1681
 [][][][][] 
 []

LaTeX Font Info:    Font shape `T1/phv/bx/n' in size <4.79993> not available
(Font)              Font shape `T1/phv/b/n' tried instead on input line 1681.

Overfull \hbox (1.53699pt too wide) in paragraph at lines 1681--1681
[]\T1/phv/b/n/4.79993 synthtique[]  
 []

LaTeX Font Info:    Font shape `T1/phv/bx/it' in size <4.49997> not available
(Font)              Font shape `T1/phv/b/it' tried instead on input line 1681.
LaTeX Font Info:    Font shape `T1/phv/b/it' in size <4.49997> not available
(Font)              Font shape `T1/phv/b/sl' tried instead on input line 1681.

Overfull \hbox (47.85pt too wide) in paragraph at lines 1663--1683
[] [][][][][][] 
 []



[31

] (c:/Users/jaman/texmf/tex/latex/pgf-periodictable/pgfPT.coordinates.tex)
File: pgfPT_radio_symbol.pdf Graphic file (type pdf)
<use pgfPT_radio_symbol.pdf>
Package pdftex.def Info: pgfPT_radio_symbol.pdf  used on input line 1707.
(pdftex.def)             Requested size: 5.00403pt x 5.00394pt.
\pgfPT@tmpwd=\dimen431
\pgfPT@tmpht=\dimen432
LaTeX Font Info:    Font shape `T1/phv/bx/n' in size <14.4> not available
(Font)              Font shape `T1/phv/b/n' tried instead on input line 1707.

Overfull \hbox (0.57361pt too wide) in paragraph at lines 1707--1707
 [][][][][] 
 []

LaTeX Font Info:    Font shape `T1/phv/bx/n' in size <5.7599> not available
(Font)              Font shape `T1/phv/b/n' tried instead on input line 1707.

Overfull \hbox (6.92438pt too wide) in paragraph at lines 1707--1707
[]\T1/phv/b/n/5.7599 synthtique[]  
 []


Overfull \hbox (41.69861pt too wide) in paragraph at lines 1691--1708
[] [] 
 []



[32



] 
enddocument/afterlastpage: lastpage setting LastPage.
(./main.aux)
 ***********
LaTeX2e <2024-11-01>
L3 programming layer <2024-11-02>
 ***********


LaTeX Warning: There were undefined references.

Package rerunfilecheck Info: File `main.out' has not changed.
(rerunfilecheck)             Checksum: C0F3E7A564E7294480E7EF708ED78535;15275.
 ) 
Here is how much of TeX's memory you used:
 45340 strings out of 473362
 933949 string characters out of 5718966
 1998711 words of memory out of 5000000
 67586 multiletter control sequences out of 15000+600000
 639714 words of font info for 151 fonts, out of 8000000 for 9000
 1141 hyphenation exceptions out of 8191
 98i,27n,145p,2002b,1584s stack positions out of 10000i,1000n,20000p,200000b,200000s
<c:/ProgramData/texlive/2024/texmf-dist/fonts/type1/public/fontawesome/FontAwesome.pfb><c:/ProgramData/texlive/2024/texmf-dist/fonts/type1/public/amsfonts/cmextra/cmbsy7.pfb><c:/ProgramData/texlive/2024/texmf-dist/fonts/type1/public/amsfonts/cm/cmbx10.pfb><c:/ProgramData/texlive/2024/texmf-dist/fonts/type1/public/amsfonts/cm/cmbx5.pfb><c:/ProgramData/texlive/2024/texmf-dist/fonts/type1/public/amsfonts/cm/cmbx7.pfb><c:/ProgramData/texlive/2024/texmf-dist/fonts/type1/public/amsfonts/cm/cmex10.pfb><c:/ProgramData/texlive/2024/texmf-dist/fonts/type1/public/amsfonts/cm/cmmi10.pfb><c:/ProgramData/texlive/2024/texmf-dist/fonts/type1/public/amsfonts/cm/cmmi12.pfb><c:/ProgramData/texlive/2024/texmf-dist/fonts/type1/public/amsfonts/cm/cmmi5.pfb><c:/ProgramData/texlive/2024/texmf-dist/fonts/type1/public/amsfonts/cm/cmmi7.pfb><c:/ProgramData/texlive/2024/texmf-dist/fonts/type1/public/amsfonts/cm/cmmi8.pfb><c:/ProgramData/texlive/2024/texmf-dist/fonts/type1/public/amsfonts/cm/cmmib10.pfb><c:/ProgramData/texlive/2024/texmf-dist/fonts/type1/public/amsfonts/cmextra/cmmib5.pfb><c:/ProgramData/texlive/2024/texmf-dist/fonts/type1/public/amsfonts/cmextra/cmmib7.pfb><c:/ProgramData/texlive/2024/texmf-dist/fonts/type1/public/amsfonts/cm/cmr10.pfb><c:/ProgramData/texlive/2024/texmf-dist/fonts/type1/public/amsfonts/cm/cmr12.pfb><c:/ProgramData/texlive/2024/texmf-dist/fonts/type1/public/amsfonts/cm/cmr5.pfb><c:/ProgramData/texlive/2024/texmf-dist/fonts/type1/public/amsfonts/cm/cmr7.pfb><c:/ProgramData/texlive/2024/texmf-dist/fonts/type1/public/amsfonts/cm/cmsy10.pfb><c:/ProgramData/texlive/2024/texmf-dist/fonts/type1/public/amsfonts/cm/cmsy5.pfb><c:/ProgramData/texlive/2024/texmf-dist/fonts/type1/public/amsfonts/cm/cmsy7.pfb><c:/ProgramData/texlive/2024/texmf-dist/fonts/type1/public/amsfonts/symbols/msbm10.pfb><c:/ProgramData/texlive/2024/texmf-dist/fonts/type1/public/cm-super/sfbx1000.pfb><c:/ProgramData/texlive/2024/texmf-dist/fonts/type1/public/cm-super/sfbx1200.pfb><c:/ProgramData/texlive/2024/texmf-dist/fonts/type1/public/cm-super/sfbx1440.pfb><c:/ProgramData/texlive/2024/texmf-dist/fonts/type1/public/cm-super/sfcc0900.pfb><c:/ProgramData/texlive/2024/texmf-dist/fonts/type1/public/cm-super/sfcc1000.pfb><c:/ProgramData/texlive/2024/texmf-dist/fonts/type1/public/cm-super/sfrm0500.pfb><c:/ProgramData/texlive/2024/texmf-dist/fonts/type1/public/cm-super/sfrm0700.pfb><c:/ProgramData/texlive/2024/texmf-dist/fonts/type1/public/cm-super/sfrm0800.pfb><c:/ProgramData/texlive/2024/texmf-dist/fonts/type1/public/cm-super/sfrm0900.pfb><c:/ProgramData/texlive/2024/texmf-dist/fonts/type1/public/cm-super/sfrm1000.pfb><c:/ProgramData/texlive/2024/texmf-dist/fonts/type1/public/cm-super/sfrm1200.pfb><c:/ProgramData/texlive/2024/texmf-dist/fonts/type1/public/cm-super/sfrm1728.pfb><c:/ProgramData/texlive/2024/texmf-dist/fonts/type1/public/cm-super/sfti1000.pfb><c:/ProgramData/texlive/2024/texmf-dist/fonts/type1/urw/helvetic/uhvb8a.pfb><c:/ProgramData/texlive/2024/texmf-dist/fonts/type1/urw/helvetic/uhvbo8a.pfb><c:/ProgramData/texlive/2024/texmf-dist/fonts/type1/urw/helvetic/uhvr8a.pfb>
Output written on main.pdf (32 pages, 4095121 bytes).
PDF statistics:
 934 PDF objects out of 1000 (max. 8388607)
 747 compressed objects within 8 object streams
 145 named destinations out of 1000 (max. 500000)
 885 words of extra memory for PDF output out of 10000 (max. 10000000)

